Using pre-set license
Built from '2020.3/staging' branch; Version is '2020.3.25f1 (9b9180224418) revision 10195328'; Using compiler version '192528614'; Build Type 'Release'
OS: 'Windows 10  (10.0.19043) 64bit Professional' Language: 'zh' Physical Memory: 16217 MB
BatchMode: 1, IsHumanControllingUs: 0, StartBugReporterOnCrash: 0, Is64bit: 1, IsPro: 0

COMMAND LINE ARGUMENTS:
C:\Program Files\Unity\Hub\Editor\2020.3.25f1\Editor\Unity.exe
-adb2
-batchMode
-noUpm
-name
AssetImportWorker0
-projectPath
C:/Unity/Unity_40725053_220222/40725053_220222
-logFile
Logs/AssetImportWorker0.log
-srvPort
1378
Successfully changed project path to: C:/Unity/Unity_40725053_220222/40725053_220222
C:/Unity/Unity_40725053_220222/40725053_220222
Using Asset Import Pipeline V2.
Refreshing native plugins compatible for Editor in 43.76 ms, found 3 plugins.
Preloading 0 native plugins for Editor in 0.00 ms.
Initialize engine version: 2020.3.25f1 (9b9180224418)
[Subsystems] Discovering subsystems at path C:/Program Files/Unity/Hub/Editor/2020.3.25f1/Editor/Data/Resources/UnitySubsystems
[Subsystems] Discovering subsystems at path C:/Unity/Unity_40725053_220222/40725053_220222/Assets
GfxDevice: creating device client; threaded=0
Direct3D:
    Version:  Direct3D 11.0 [level 11.1]
    Renderer: NVIDIA GeForce GTX 1650 SUPER (ID=0x2187)
    Vendor:   
    VRAM:     3955 MB
    Driver:   27.21.14.5671
Initialize mono
Mono path[0] = 'C:/Program Files/Unity/Hub/Editor/2020.3.25f1/Editor/Data/Managed'
Mono path[1] = 'C:/Program Files/Unity/Hub/Editor/2020.3.25f1/Editor/Data/MonoBleedingEdge/lib/mono/unityjit'
Mono config path = 'C:/Program Files/Unity/Hub/Editor/2020.3.25f1/Editor/Data/MonoBleedingEdge/etc'
Using monoOptions --debugger-agent=transport=dt_socket,embedding=1,server=y,suspend=n,address=127.0.0.1:56472
Begin MonoManager ReloadAssembly
Registering precompiled unity dll's ...
Register platform support module: C:/Program Files/Unity/Hub/Editor/2020.3.25f1/Editor/Data/PlaybackEngines/WebGLSupport/UnityEditor.WebGL.Extensions.dll
Register platform support module: C:/Program Files/Unity/Hub/Editor/2020.3.25f1/Editor/Data/PlaybackEngines/WindowsStandaloneSupport/UnityEditor.WindowsStandalone.Extensions.dll
Registered in 0.004680 seconds.
Native extension for WindowsStandalone target not found
Native extension for WebGL target not found
Refreshing native plugins compatible for Editor in 38.80 ms, found 3 plugins.
Preloading 0 native plugins for Editor in 0.00 ms.
Mono: successfully reloaded assembly
- Completed reload, in  0.535 seconds
Domain Reload Profiling:
	ReloadAssembly (535ms)
		BeginReloadAssembly (69ms)
			ExecutionOrderSort (0ms)
			DisableScriptedObjects (0ms)
			BackupInstance (0ms)
			ReleaseScriptingObjects (0ms)
			CreateAndSetChildDomain (1ms)
		EndReloadAssembly (382ms)
			LoadAssemblies (66ms)
			RebuildTransferFunctionScriptingTraits (0ms)
			SetupTypeCache (127ms)
			ReleaseScriptCaches (0ms)
			RebuildScriptCaches (24ms)
			SetupLoadedEditorAssemblies (140ms)
				LogAssemblyErrors (0ms)
				InitializePlatformSupportModulesInManaged (4ms)
				SetLoadedEditorAssemblies (0ms)
				RefreshPlugins (39ms)
				BeforeProcessingInitializeOnLoad (7ms)
				ProcessInitializeOnLoadAttributes (67ms)
				ProcessInitializeOnLoadMethodAttributes (23ms)
				AfterProcessingInitializeOnLoad (0ms)
				EditorAssembliesLoaded (0ms)
			ExecutionOrderSort2 (0ms)
			AwakeInstancesAfterBackupRestoration (0ms)
Platform modules already initialized, skipping
Registering precompiled user dll's ...
Registered in 0.005930 seconds.
Begin MonoManager ReloadAssembly
Native extension for WindowsStandalone target not found
Native extension for WebGL target not found
Refreshing native plugins compatible for Editor in 37.72 ms, found 3 plugins.
Preloading 0 native plugins for Editor in 0.00 ms.
Mono: successfully reloaded assembly
- Completed reload, in  0.965 seconds
Domain Reload Profiling:
	ReloadAssembly (966ms)
		BeginReloadAssembly (129ms)
			ExecutionOrderSort (0ms)
			DisableScriptedObjects (4ms)
			BackupInstance (0ms)
			ReleaseScriptingObjects (0ms)
			CreateAndSetChildDomain (14ms)
		EndReloadAssembly (772ms)
			LoadAssemblies (96ms)
			RebuildTransferFunctionScriptingTraits (0ms)
			SetupTypeCache (245ms)
			ReleaseScriptCaches (0ms)
			RebuildScriptCaches (37ms)
			SetupLoadedEditorAssemblies (298ms)
				LogAssemblyErrors (0ms)
				InitializePlatformSupportModulesInManaged (4ms)
				SetLoadedEditorAssemblies (0ms)
				RefreshPlugins (38ms)
				BeforeProcessingInitializeOnLoad (78ms)
				ProcessInitializeOnLoadAttributes (151ms)
				ProcessInitializeOnLoadMethodAttributes (13ms)
				AfterProcessingInitializeOnLoad (13ms)
				EditorAssembliesLoaded (0ms)
			ExecutionOrderSort2 (0ms)
			AwakeInstancesAfterBackupRestoration (5ms)
Platform modules already initialized, skipping
========================================================================
Worker process is ready to serve import requests
Launched and connected shader compiler UnityShaderCompiler.exe after 0.03 seconds
Refreshing native plugins compatible for Editor in 0.44 ms, found 3 plugins.
Preloading 0 native plugins for Editor in 0.00 ms.
Unloading 2194 Unused Serialized files (Serialized files now loaded: 0)
System memory in use before: 95.8 MB.
System memory in use after: 95.9 MB.

Unloading 28 unused Assets to reduce memory usage. Loaded Objects now: 2627.
Total: 2.554700 ms (FindLiveObjects: 0.142300 ms CreateObjectMapping: 0.069800 ms MarkObjects: 2.294600 ms  DeleteObjects: 0.047200 ms)

AssetImportParameters requested are different than current active one (requested -> active):
  custom:framework-win-MediaFoundation: 216162199b28c13a410421893ffa2e32 -> 
  custom:video-decoder-ogg-theora: a1e56fd34408186e4bbccfd4996cb3dc -> 
  custom:container-muxer-webm: aa71ff27fc2769a1b78a27578f13a17b -> 
  custom:container-demuxer-webm: 4f35f7cbe854078d1ac9338744f61a02 -> 
  custom:container-demuxer-ogg: 62fdf1f143b41e24485cea50d1cbac27 -> 
  custom:video-encoder-webm-vp8: eb34c28f22e8b96e1ab97ce403110664 -> 
  custom:video-decoder-webm-vp8: 9c59270c3fd7afecdb556c50c9e8de78 -> 
  custom:audio-decoder-ogg-vorbis: bf7c407c2cedff20999df2af8eb42d56 -> 
  custom:audio-encoder-webm-vorbis: bf7c407c2cedff20999df2af8eb42d56 -> 
========================================================================
Received Import Request.
  path: Assets/setofont.ttf
  artifactKey: Guid(52191c908206d264b959718a1af6d769) Importer(815301076,1909f56bfc062723c751e8b465ee728b)
Start importing Assets/setofont.ttf using Guid(52191c908206d264b959718a1af6d769) Importer(815301076,1909f56bfc062723c751e8b465ee728b)  -> (artifact id: '40cbf72e7704db6da54343dbc845f191') in 0.098580 seconds 
  Import took 0.101681 seconds .

========================================================================
Received Import Request.
  Time since last request: 0.000198 seconds.
  path: Assets/方型圖片.png
  artifactKey: Guid(a49054b4e70f49842a55fb451fd791b8) Importer(815301076,1909f56bfc062723c751e8b465ee728b)
Start importing Assets/方型圖片.png using Guid(a49054b4e70f49842a55fb451fd791b8) Importer(815301076,1909f56bfc062723c751e8b465ee728b)  -> (artifact id: 'd29d423695010017131f459b95257e64') in 0.068480 seconds 
  Import took 0.070954 seconds .

========================================================================
Received Import Request.
  Time since last request: 15.895127 seconds.
  path: Assets/場景
  artifactKey: Guid(729e00d3371a79e4f8874faf97e9fb95) Importer(815301076,1909f56bfc062723c751e8b465ee728b)
Start importing Assets/場景 using Guid(729e00d3371a79e4f8874faf97e9fb95) Importer(815301076,1909f56bfc062723c751e8b465ee728b)  -> (artifact id: 'afd9ac8f5431dd03792742f91f93ba5d') in 0.001659 seconds 
  Import took 0.004220 seconds .

========================================================================
Received Import Request.
  Time since last request: 0.849999 seconds.
  path: Assets/場景/森林.unity
  artifactKey: Guid(0c617ce6b19079049bec26c9a600a8fc) Importer(815301076,1909f56bfc062723c751e8b465ee728b)
Start importing Assets/場景/森林.unity using Guid(0c617ce6b19079049bec26c9a600a8fc) Importer(815301076,1909f56bfc062723c751e8b465ee728b)  -> (artifact id: '07aeb5a3ebeef365c06244b1954d4e13') in 0.002179 seconds 
  Import took 0.005083 seconds .

========================================================================
Received Import Request.
  Time since last request: 4845.860705 seconds.
  path: Assets/02_run
  artifactKey: Guid(9e6dac6f36b30b244ba84b6e972b7fd7) Importer(815301076,1909f56bfc062723c751e8b465ee728b)
Start importing Assets/02_run using Guid(9e6dac6f36b30b244ba84b6e972b7fd7) Importer(815301076,1909f56bfc062723c751e8b465ee728b)  -> (artifact id: 'abed9a67fd169c12776a9ad134705e0a') in 0.001969 seconds 
  Import took 0.005050 seconds .

========================================================================
Received Import Request.
  Time since last request: 0.887006 seconds.
  path: Assets/02_run/02_run_1.png
  artifactKey: Guid(34c86c2c42759a4489f9b1ffdb51c18e) Importer(815301076,1909f56bfc062723c751e8b465ee728b)
Start importing Assets/02_run/02_run_1.png using Guid(34c86c2c42759a4489f9b1ffdb51c18e) Importer(815301076,1909f56bfc062723c751e8b465ee728b)  -> (artifact id: 'eaaec9256897a14f2070277aed7909ab') in 0.010087 seconds 
  Import took 0.012873 seconds .

========================================================================
Received Import Request.
  Time since last request: 0.000219 seconds.
  path: Assets/02_run/02_run_6.png
  artifactKey: Guid(3012ae9588cf6f84f9e0d1fbc1964f03) Importer(815301076,1909f56bfc062723c751e8b465ee728b)
Start importing Assets/02_run/02_run_6.png using Guid(3012ae9588cf6f84f9e0d1fbc1964f03) Importer(815301076,1909f56bfc062723c751e8b465ee728b)  -> (artifact id: '1e86b59386598df74c0612d4014eb8a3') in 0.008489 seconds 
  Import took 0.011236 seconds .

========================================================================
Received Import Request.
  Time since last request: 0.000265 seconds.
  path: Assets/02_run/02_run_3.png
  artifactKey: Guid(a414fae852525764487adbd42ebba008) Importer(815301076,1909f56bfc062723c751e8b465ee728b)
Start importing Assets/02_run/02_run_3.png using Guid(a414fae852525764487adbd42ebba008) Importer(815301076,1909f56bfc062723c751e8b465ee728b)  -> (artifact id: 'd8b92f7a2b9a8ded08f14c519666fb28') in 0.008407 seconds 
  Import took 0.011272 seconds .

========================================================================
Received Import Request.
  Time since last request: 0.000270 seconds.
  path: Assets/02_run/02_run_5.png
  artifactKey: Guid(fcbeb81738cec2c4f9d0530348cccb70) Importer(815301076,1909f56bfc062723c751e8b465ee728b)
Start importing Assets/02_run/02_run_5.png using Guid(fcbeb81738cec2c4f9d0530348cccb70) Importer(815301076,1909f56bfc062723c751e8b465ee728b)  -> (artifact id: 'fa929389f767b4c533a4a02807020d71') in 0.008086 seconds 
  Import took 0.011181 seconds .

========================================================================
Received Import Request.
  Time since last request: 0.000233 seconds.
  path: Assets/02_run/02_run_2.png
  artifactKey: Guid(02d04eda79c2d6e438174c9fbc5fb00c) Importer(815301076,1909f56bfc062723c751e8b465ee728b)
Start importing Assets/02_run/02_run_2.png using Guid(02d04eda79c2d6e438174c9fbc5fb00c) Importer(815301076,1909f56bfc062723c751e8b465ee728b)  -> (artifact id: '047ad2ed700ae15ab82fd52bbcb1ecb7') in 0.007753 seconds 
  Import took 0.010850 seconds .

========================================================================
Received Import Request.
  Time since last request: 0.000253 seconds.
  path: Assets/02_run/02_run_4.png
  artifactKey: Guid(838d68c712eb13647a89337dd34c73e8) Importer(815301076,1909f56bfc062723c751e8b465ee728b)
Start importing Assets/02_run/02_run_4.png using Guid(838d68c712eb13647a89337dd34c73e8) Importer(815301076,1909f56bfc062723c751e8b465ee728b)  -> (artifact id: 'a0da5f488a8e78b615c6107ff1d70849') in 0.008235 seconds 
  Import took 0.011197 seconds .

========================================================================
Received Import Request.
  Time since last request: 0.000286 seconds.
  path: Assets/02_run/02_run_7.png
  artifactKey: Guid(706ad48ef42cae34fadcafc99bdcdf96) Importer(815301076,1909f56bfc062723c751e8b465ee728b)
Start importing Assets/02_run/02_run_7.png using Guid(706ad48ef42cae34fadcafc99bdcdf96) Importer(815301076,1909f56bfc062723c751e8b465ee728b)  -> (artifact id: '39d007bf1f1d95540e4332cfa4eff423') in 0.008330 seconds 
  Import took 0.011780 seconds .

========================================================================
Received Import Request.
  Time since last request: 81.065789 seconds.
  path: Assets/角色
  artifactKey: Guid(9b3b907d2fd433d418b9787fa06a142a) Importer(815301076,1909f56bfc062723c751e8b465ee728b)
Start importing Assets/角色 using Guid(9b3b907d2fd433d418b9787fa06a142a) Importer(815301076,1909f56bfc062723c751e8b465ee728b)  -> (artifact id: 'da591cc575a653dbe0fc511f42c30b2d') in 0.001727 seconds 
  Import took 0.004848 seconds .

========================================================================
Received Import Request.
  Time since last request: 7.275748 seconds.
  path: Assets/01_idle
  artifactKey: Guid(17e2eb8356cc607498a5093041bfe6c2) Importer(815301076,1909f56bfc062723c751e8b465ee728b)
Start importing Assets/01_idle using Guid(17e2eb8356cc607498a5093041bfe6c2) Importer(815301076,1909f56bfc062723c751e8b465ee728b)  -> (artifact id: 'cc403ab5dec20d6544e58471299fe4f8') in 0.001817 seconds 
  Import took 0.005367 seconds .

========================================================================
Received Import Request.
  Time since last request: 1.057588 seconds.
  path: Assets/13_death
  artifactKey: Guid(f02f88439c1c1484dadc7ef0f6677437) Importer(815301076,1909f56bfc062723c751e8b465ee728b)
Start importing Assets/13_death using Guid(f02f88439c1c1484dadc7ef0f6677437) Importer(815301076,1909f56bfc062723c751e8b465ee728b)  -> (artifact id: 'ad888adf26809347071da517c9df3bf5') in 0.001861 seconds 
  Import took 0.004670 seconds .

========================================================================
Received Import Request.
  Time since last request: 71.311761 seconds.
  path: Assets/角色/01_idle/01_idle_1.png
  artifactKey: Guid(af89d42fba479d44eacb012dc8b4c912) Importer(815301076,1909f56bfc062723c751e8b465ee728b)
Start importing Assets/角色/01_idle/01_idle_1.png using Guid(af89d42fba479d44eacb012dc8b4c912) Importer(815301076,1909f56bfc062723c751e8b465ee728b)  -> (artifact id: 'cd28478a63c9ffc54e9580bf9e73bf9b') in 0.010944 seconds 
  Import took 0.013661 seconds .

========================================================================
Received Import Request.
  Time since last request: 0.000222 seconds.
  path: Assets/角色/01_idle/01_idle_3.png
  artifactKey: Guid(faf21b9480e69094cabd90fcd6fe3251) Importer(815301076,1909f56bfc062723c751e8b465ee728b)
Start importing Assets/角色/01_idle/01_idle_3.png using Guid(faf21b9480e69094cabd90fcd6fe3251) Importer(815301076,1909f56bfc062723c751e8b465ee728b)  -> (artifact id: '55dbcf379b2f37f7c769535a162e2200') in 0.014385 seconds 
  Import took 0.016831 seconds .

========================================================================
Received Import Request.
  Time since last request: 0.000224 seconds.
  path: Assets/角色/01_idle/01_idle_5.png
  artifactKey: Guid(9f599cc22a7530744a26c40f2b926e3d) Importer(815301076,1909f56bfc062723c751e8b465ee728b)
Start importing Assets/角色/01_idle/01_idle_5.png using Guid(9f599cc22a7530744a26c40f2b926e3d) Importer(815301076,1909f56bfc062723c751e8b465ee728b)  -> (artifact id: '08bfde10eebcf605a2b4d45b45096ee0') in 0.010938 seconds 
  Import took 0.013477 seconds .

========================================================================
Received Import Request.
  Time since last request: 0.000222 seconds.
  path: Assets/角色/01_idle/01_idle_2.png
  artifactKey: Guid(d036f0811b9d8c24b8cbe8d201790518) Importer(815301076,1909f56bfc062723c751e8b465ee728b)
Start importing Assets/角色/01_idle/01_idle_2.png using Guid(d036f0811b9d8c24b8cbe8d201790518) Importer(815301076,1909f56bfc062723c751e8b465ee728b)  -> (artifact id: 'a4959fe5405e5806e3f32e7eeb9a4fca') in 0.013321 seconds 
  Import took 0.016145 seconds .

========================================================================
Received Import Request.
  Time since last request: 0.000243 seconds.
  path: Assets/角色/01_idle/01_idle_6.png
  artifactKey: Guid(a63c443418b420f4c9e49501d5a43020) Importer(815301076,1909f56bfc062723c751e8b465ee728b)
Start importing Assets/角色/01_idle/01_idle_6.png using Guid(a63c443418b420f4c9e49501d5a43020) Importer(815301076,1909f56bfc062723c751e8b465ee728b)  -> (artifact id: '96f164ae7a59377c1b539b2217c77816') in 0.023915 seconds 
  Import took 0.026659 seconds .

========================================================================
Received Import Request.
  Time since last request: 0.000220 seconds.
  path: Assets/角色/01_idle/01_idle_4.png
  artifactKey: Guid(ae60c5a66d5de204fb60b4168af06e28) Importer(815301076,1909f56bfc062723c751e8b465ee728b)
Start importing Assets/角色/01_idle/01_idle_4.png using Guid(ae60c5a66d5de204fb60b4168af06e28) Importer(815301076,1909f56bfc062723c751e8b465ee728b)  -> (artifact id: '5018bf603e0c390724e1730122c855f5') in 0.019807 seconds 
  Import took 0.022415 seconds .

========================================================================
Received Import Request.
  Time since last request: 0.000201 seconds.
  path: Assets/角色/01_idle/01_idle_7.png
  artifactKey: Guid(f3acaabcba0c71a47ae17dc111bc5f57) Importer(815301076,1909f56bfc062723c751e8b465ee728b)
Start importing Assets/角色/01_idle/01_idle_7.png using Guid(f3acaabcba0c71a47ae17dc111bc5f57) Importer(815301076,1909f56bfc062723c751e8b465ee728b)  -> (artifact id: '2c09ef6fd7fc204a88397f79c3e126dc') in 0.013319 seconds 
  Import took 0.016025 seconds .

========================================================================
Received Import Request.
  Time since last request: 3.783048 seconds.
  path: Assets/角色/01_idle/01_idle_8.png
  artifactKey: Guid(270df4fd39ca45a41a76b34643a97edd) Importer(815301076,1909f56bfc062723c751e8b465ee728b)
Start importing Assets/角色/01_idle/01_idle_8.png using Guid(270df4fd39ca45a41a76b34643a97edd) Importer(815301076,1909f56bfc062723c751e8b465ee728b)  -> (artifact id: '2a5498fb36f790bd27412fd050f40a56') in 0.011336 seconds 
  Import took 0.014429 seconds .

========================================================================
Received Import Request.
  Time since last request: 20.130290 seconds.
  path: Assets/角色/02_run/02_run_8.png
  artifactKey: Guid(457399801a8674a4dba252f6add19825) Importer(815301076,1909f56bfc062723c751e8b465ee728b)
Start importing Assets/角色/02_run/02_run_8.png using Guid(457399801a8674a4dba252f6add19825) Importer(815301076,1909f56bfc062723c751e8b465ee728b)  -> (artifact id: 'c04aadaa24d4e44466667895a26022d1') in 0.012924 seconds 
  Import took 0.015958 seconds .

========================================================================
Received Import Request.
  Time since last request: 888.229718 seconds.
  path: Assets/角色/13_death/13_death_4.png
  artifactKey: Guid(5c11b13534aef6e4f818e3c880207af3) Importer(815301076,1909f56bfc062723c751e8b465ee728b)
Start importing Assets/角色/13_death/13_death_4.png using Guid(5c11b13534aef6e4f818e3c880207af3) Importer(815301076,1909f56bfc062723c751e8b465ee728b)  -> (artifact id: 'a9d0276cc578a68d46ce055238de42a6') in 0.008406 seconds 
  Import took 0.011230 seconds .

========================================================================
Received Import Request.
  Time since last request: 0.000238 seconds.
  path: Assets/角色/13_death/13_death_10.png
  artifactKey: Guid(aa24181305c10d946a21b2d9fe1fc916) Importer(815301076,1909f56bfc062723c751e8b465ee728b)
Start importing Assets/角色/13_death/13_death_10.png using Guid(aa24181305c10d946a21b2d9fe1fc916) Importer(815301076,1909f56bfc062723c751e8b465ee728b)  -> (artifact id: '2d2fb6d35b42ca4a7f5711f3556398ce') in 0.006921 seconds 
  Import took 0.009487 seconds .

========================================================================
Received Import Request.
  Time since last request: 0.000244 seconds.
  path: Assets/角色/13_death/13_death_9.png
  artifactKey: Guid(1dbfbf431de35284490f02166a012dd0) Importer(815301076,1909f56bfc062723c751e8b465ee728b)
Start importing Assets/角色/13_death/13_death_9.png using Guid(1dbfbf431de35284490f02166a012dd0) Importer(815301076,1909f56bfc062723c751e8b465ee728b)  -> (artifact id: 'fbad6f28346891667823d6bef53fb41e') in 0.008450 seconds 
  Import took 0.011360 seconds .

========================================================================
Received Import Request.
  Time since last request: 0.000228 seconds.
  path: Assets/角色/13_death/13_death_5.png
  artifactKey: Guid(97d0d904ac6ebad4fbc78036bc835901) Importer(815301076,1909f56bfc062723c751e8b465ee728b)
Start importing Assets/角色/13_death/13_death_5.png using Guid(97d0d904ac6ebad4fbc78036bc835901) Importer(815301076,1909f56bfc062723c751e8b465ee728b)  -> (artifact id: '5a341b3d5867253f4a29dccaa2637581') in 0.008309 seconds 
  Import took 0.010933 seconds .

========================================================================
Received Import Request.
  Time since last request: 0.000217 seconds.
  path: Assets/角色/13_death/13_death_7.png
  artifactKey: Guid(b394ab31dd435ab45aebfc407bbfc876) Importer(815301076,1909f56bfc062723c751e8b465ee728b)
Start importing Assets/角色/13_death/13_death_7.png using Guid(b394ab31dd435ab45aebfc407bbfc876) Importer(815301076,1909f56bfc062723c751e8b465ee728b)  -> (artifact id: '62f52c00afef7f559e06e679587d0141') in 0.007983 seconds 
  Import took 0.010524 seconds .

========================================================================
Received Import Request.
  Time since last request: 0.000224 seconds.
  path: Assets/角色/13_death/13_death_8.png
  artifactKey: Guid(eb5efda008578914e97cb84218b4db45) Importer(815301076,1909f56bfc062723c751e8b465ee728b)
Start importing Assets/角色/13_death/13_death_8.png using Guid(eb5efda008578914e97cb84218b4db45) Importer(815301076,1909f56bfc062723c751e8b465ee728b)  -> (artifact id: '6f548ec7970c9e201dac7e8c542aa1a0') in 0.007971 seconds 
  Import took 0.010557 seconds .

========================================================================
Received Import Request.
  Time since last request: 0.000232 seconds.
  path: Assets/角色/13_death/13_death_6.png
  artifactKey: Guid(87f6c7c4a0a46df448b10437ab6504d7) Importer(815301076,1909f56bfc062723c751e8b465ee728b)
Start importing Assets/角色/13_death/13_death_6.png using Guid(87f6c7c4a0a46df448b10437ab6504d7) Importer(815301076,1909f56bfc062723c751e8b465ee728b)  -> (artifact id: '27ab1ef0dfe9902c91911cb493abd6e2') in 0.008143 seconds 
  Import took 0.011180 seconds .

========================================================================
Received Import Request.
  Time since last request: 1.265893 seconds.
  path: Assets/角色/13_death/13_death_3.png
  artifactKey: Guid(9162a4dd76b6e2048be98c53d6d1643c) Importer(815301076,1909f56bfc062723c751e8b465ee728b)
Start importing Assets/角色/13_death/13_death_3.png using Guid(9162a4dd76b6e2048be98c53d6d1643c) Importer(815301076,1909f56bfc062723c751e8b465ee728b)  -> (artifact id: 'd6fab8bf564f2e5970f7d580640c6caf') in 0.010145 seconds 
  Import took 0.013252 seconds .

========================================================================
Received Import Request.
  Time since last request: 0.004932 seconds.
  path: Assets/角色/13_death/13_death_2.png
  artifactKey: Guid(0794e51457388f74bbcc5d08c97c6367) Importer(815301076,1909f56bfc062723c751e8b465ee728b)
Start importing Assets/角色/13_death/13_death_2.png using Guid(0794e51457388f74bbcc5d08c97c6367) Importer(815301076,1909f56bfc062723c751e8b465ee728b)  -> (artifact id: 'bd6c9185676c9a52d446839abaf83366') in 0.008406 seconds 
  Import took 0.011791 seconds .

========================================================================
Received Import Request.
  Time since last request: 0.008398 seconds.
  path: Assets/角色/13_death/13_death_1.png
  artifactKey: Guid(077eb93f619167d40882e941f1ad4e60) Importer(815301076,1909f56bfc062723c751e8b465ee728b)
Start importing Assets/角色/13_death/13_death_1.png using Guid(077eb93f619167d40882e941f1ad4e60) Importer(815301076,1909f56bfc062723c751e8b465ee728b)  -> (artifact id: '4ab950db88e5c1665dd6b34d84875794') in 0.014954 seconds 
  Import took 0.017875 seconds .

========================================================================
Received Import Request.
  Time since last request: 3.962260 seconds.
  path: Assets/角色/13_death/13_death_11.png
  artifactKey: Guid(ff07231e0ff275142800684591c6872a) Importer(815301076,1909f56bfc062723c751e8b465ee728b)
Start importing Assets/角色/13_death/13_death_11.png using Guid(ff07231e0ff275142800684591c6872a) Importer(815301076,1909f56bfc062723c751e8b465ee728b)  -> (artifact id: '4dfac974775ad1befedad7125826c317') in 0.010737 seconds 
  Import took 0.013761 seconds .

========================================================================
Received Import Request.
  Time since last request: 0.021496 seconds.
  path: Assets/角色/13_death/13_death_12.png
  artifactKey: Guid(7cfeb3833e21eb843b9f44c91ff49c05) Importer(815301076,1909f56bfc062723c751e8b465ee728b)
Start importing Assets/角色/13_death/13_death_12.png using Guid(7cfeb3833e21eb843b9f44c91ff49c05) Importer(815301076,1909f56bfc062723c751e8b465ee728b)  -> (artifact id: '3625bd641fb062bd3697a2ce8af40941') in 0.014712 seconds 
  Import took 0.017648 seconds .

========================================================================
Received Prepare
Registering precompiled user dll's ...
Registered in 0.006197 seconds.
Begin MonoManager ReloadAssembly
Native extension for WindowsStandalone target not found
Native extension for WebGL target not found
Refreshing native plugins compatible for Editor in 0.41 ms, found 3 plugins.
Preloading 0 native plugins for Editor in 0.00 ms.
Mono: successfully reloaded assembly
- Completed reload, in  0.885 seconds
Domain Reload Profiling:
	ReloadAssembly (885ms)
		BeginReloadAssembly (118ms)
			ExecutionOrderSort (0ms)
			DisableScriptedObjects (5ms)
			BackupInstance (0ms)
			ReleaseScriptingObjects (0ms)
			CreateAndSetChildDomain (26ms)
		EndReloadAssembly (707ms)
			LoadAssemblies (97ms)
			RebuildTransferFunctionScriptingTraits (0ms)
			SetupTypeCache (237ms)
			ReleaseScriptCaches (1ms)
			RebuildScriptCaches (35ms)
			SetupLoadedEditorAssemblies (255ms)
				LogAssemblyErrors (0ms)
				InitializePlatformSupportModulesInManaged (5ms)
				SetLoadedEditorAssemblies (0ms)
				RefreshPlugins (0ms)
				BeforeProcessingInitializeOnLoad (68ms)
				ProcessInitializeOnLoadAttributes (160ms)
				ProcessInitializeOnLoadMethodAttributes (9ms)
				AfterProcessingInitializeOnLoad (12ms)
				EditorAssembliesLoaded (0ms)
			ExecutionOrderSort2 (0ms)
			AwakeInstancesAfterBackupRestoration (7ms)
Platform modules already initialized, skipping
Refreshing native plugins compatible for Editor in 0.43 ms, found 3 plugins.
Preloading 0 native plugins for Editor in 0.00 ms.
Unloading 2183 Unused Serialized files (Serialized files now loaded: 0)
System memory in use before: 98.4 MB.
System memory in use after: 98.6 MB.

Unloading 17 unused Assets to reduce memory usage. Loaded Objects now: 2677.
Total: 2.370800 ms (FindLiveObjects: 0.133100 ms CreateObjectMapping: 0.061700 ms MarkObjects: 2.163700 ms  DeleteObjects: 0.011400 ms)

AssetImportParameters requested are different than current active one (requested -> active):
  custom:framework-win-MediaFoundation: 216162199b28c13a410421893ffa2e32 -> 
  custom:video-decoder-ogg-theora: a1e56fd34408186e4bbccfd4996cb3dc -> 
  custom:container-muxer-webm: aa71ff27fc2769a1b78a27578f13a17b -> 
  custom:container-demuxer-webm: 4f35f7cbe854078d1ac9338744f61a02 -> 
  custom:container-demuxer-ogg: 62fdf1f143b41e24485cea50d1cbac27 -> 
  custom:video-encoder-webm-vp8: eb34c28f22e8b96e1ab97ce403110664 -> 
  custom:video-decoder-webm-vp8: 9c59270c3fd7afecdb556c50c9e8de78 -> 
  custom:audio-decoder-ogg-vorbis: bf7c407c2cedff20999df2af8eb42d56 -> 
  custom:audio-encoder-webm-vorbis: bf7c407c2cedff20999df2af8eb42d56 -> 
========================================================================
Received Prepare
Registering precompiled user dll's ...
Registered in 0.007233 seconds.
Begin MonoManager ReloadAssembly
Native extension for WindowsStandalone target not found
Native extension for WebGL target not found
Refreshing native plugins compatible for Editor in 0.42 ms, found 3 plugins.
Preloading 0 native plugins for Editor in 0.00 ms.
Mono: successfully reloaded assembly
- Completed reload, in  0.878 seconds
Domain Reload Profiling:
	ReloadAssembly (878ms)
		BeginReloadAssembly (114ms)
			ExecutionOrderSort (0ms)
			DisableScriptedObjects (5ms)
			BackupInstance (0ms)
			ReleaseScriptingObjects (0ms)
			CreateAndSetChildDomain (26ms)
		EndReloadAssembly (703ms)
			LoadAssemblies (93ms)
			RebuildTransferFunctionScriptingTraits (0ms)
			SetupTypeCache (240ms)
			ReleaseScriptCaches (1ms)
			RebuildScriptCaches (34ms)
			SetupLoadedEditorAssemblies (256ms)
				LogAssemblyErrors (0ms)
				InitializePlatformSupportModulesInManaged (5ms)
				SetLoadedEditorAssemblies (0ms)
				RefreshPlugins (0ms)
				BeforeProcessingInitializeOnLoad (67ms)
				ProcessInitializeOnLoadAttributes (161ms)
				ProcessInitializeOnLoadMethodAttributes (10ms)
				AfterProcessingInitializeOnLoad (13ms)
				EditorAssembliesLoaded (0ms)
			ExecutionOrderSort2 (0ms)
			AwakeInstancesAfterBackupRestoration (7ms)
Platform modules already initialized, skipping
Refreshing native plugins compatible for Editor in 0.41 ms, found 3 plugins.
Preloading 0 native plugins for Editor in 0.00 ms.
Unloading 2183 Unused Serialized files (Serialized files now loaded: 0)
System memory in use before: 98.5 MB.
System memory in use after: 98.6 MB.

Unloading 17 unused Assets to reduce memory usage. Loaded Objects now: 2679.
Total: 2.343000 ms (FindLiveObjects: 0.130700 ms CreateObjectMapping: 0.062700 ms MarkObjects: 2.137000 ms  DeleteObjects: 0.011800 ms)

AssetImportParameters requested are different than current active one (requested -> active):
  custom:framework-win-MediaFoundation: 216162199b28c13a410421893ffa2e32 -> 
  custom:video-decoder-ogg-theora: a1e56fd34408186e4bbccfd4996cb3dc -> 
  custom:container-muxer-webm: aa71ff27fc2769a1b78a27578f13a17b -> 
  custom:container-demuxer-webm: 4f35f7cbe854078d1ac9338744f61a02 -> 
  custom:container-demuxer-ogg: 62fdf1f143b41e24485cea50d1cbac27 -> 
  custom:video-encoder-webm-vp8: eb34c28f22e8b96e1ab97ce403110664 -> 
  custom:video-decoder-webm-vp8: 9c59270c3fd7afecdb556c50c9e8de78 -> 
  custom:audio-decoder-ogg-vorbis: bf7c407c2cedff20999df2af8eb42d56 -> 
  custom:audio-encoder-webm-vorbis: bf7c407c2cedff20999df2af8eb42d56 -> 
========================================================================
Received Import Request.
  Time since last request: 530.679507 seconds.
  path: Assets/角色/01_idle/01_idle_8.png
  artifactKey: Guid(270df4fd39ca45a41a76b34643a97edd) Importer(815301076,1909f56bfc062723c751e8b465ee728b)
Start importing Assets/角色/01_idle/01_idle_8.png using Guid(270df4fd39ca45a41a76b34643a97edd) Importer(815301076,1909f56bfc062723c751e8b465ee728b)  -> (artifact id: 'faa34a4023bce501de8e5b316830b239') in 0.037272 seconds 
  Import took 0.039843 seconds .

========================================================================
Received Import Request.
  Time since last request: 0.000214 seconds.
  path: Assets/角色/01_idle/01_idle_5.png
  artifactKey: Guid(9f599cc22a7530744a26c40f2b926e3d) Importer(815301076,1909f56bfc062723c751e8b465ee728b)
Start importing Assets/角色/01_idle/01_idle_5.png using Guid(9f599cc22a7530744a26c40f2b926e3d) Importer(815301076,1909f56bfc062723c751e8b465ee728b)  -> (artifact id: '3d0b7f2cbd00c09ebcb6fbbf19e09f02') in 0.014323 seconds 
  Import took 0.016816 seconds .

========================================================================
Received Import Request.
  Time since last request: 0.000250 seconds.
  path: Assets/角色/01_idle/01_idle_6.png
  artifactKey: Guid(a63c443418b420f4c9e49501d5a43020) Importer(815301076,1909f56bfc062723c751e8b465ee728b)
Start importing Assets/角色/01_idle/01_idle_6.png using Guid(a63c443418b420f4c9e49501d5a43020) Importer(815301076,1909f56bfc062723c751e8b465ee728b)  -> (artifact id: '3ee4d61a82b963209491dcfa75e05dc7') in 0.016416 seconds 
  Import took 0.019238 seconds .

========================================================================
Received Import Request.
  Time since last request: 0.000199 seconds.
  path: Assets/角色/01_idle/01_idle_4.png
  artifactKey: Guid(ae60c5a66d5de204fb60b4168af06e28) Importer(815301076,1909f56bfc062723c751e8b465ee728b)
Start importing Assets/角色/01_idle/01_idle_4.png using Guid(ae60c5a66d5de204fb60b4168af06e28) Importer(815301076,1909f56bfc062723c751e8b465ee728b)  -> (artifact id: '3fcb6ea17d540257ff4ee4672ebd0a12') in 0.016270 seconds 
  Import took 0.019301 seconds .

========================================================================
Received Import Request.
  Time since last request: 0.000191 seconds.
  path: Assets/角色/01_idle/01_idle_7.png
  artifactKey: Guid(f3acaabcba0c71a47ae17dc111bc5f57) Importer(815301076,1909f56bfc062723c751e8b465ee728b)
Start importing Assets/角色/01_idle/01_idle_7.png using Guid(f3acaabcba0c71a47ae17dc111bc5f57) Importer(815301076,1909f56bfc062723c751e8b465ee728b)  -> (artifact id: 'eb2f81606b6f1100e858e00ef793e146') in 0.012439 seconds 
  Import took 0.015015 seconds .

========================================================================
Received Import Request.
  Time since last request: 11.376704 seconds.
  path: Assets/角色/02_run/02_run_3.png
  artifactKey: Guid(a414fae852525764487adbd42ebba008) Importer(815301076,1909f56bfc062723c751e8b465ee728b)
Start importing Assets/角色/02_run/02_run_3.png using Guid(a414fae852525764487adbd42ebba008) Importer(815301076,1909f56bfc062723c751e8b465ee728b)  -> (artifact id: 'f84dc5c0152dbb6923c245491558451b') in 0.012548 seconds 
  Import took 0.015284 seconds .

========================================================================
Received Import Request.
  Time since last request: 12.951703 seconds.
  path: Assets/角色/13_death/13_death_6.png
  artifactKey: Guid(87f6c7c4a0a46df448b10437ab6504d7) Importer(815301076,1909f56bfc062723c751e8b465ee728b)
Start importing Assets/角色/13_death/13_death_6.png using Guid(87f6c7c4a0a46df448b10437ab6504d7) Importer(815301076,1909f56bfc062723c751e8b465ee728b)  -> (artifact id: '43a145bbde60630efa3ed9c311d365b3') in 0.012456 seconds 
  Import took 0.015142 seconds .

========================================================================
Received Import Request.
  Time since last request: 9.786499 seconds.
  path: Assets/角色/01_idle/01_idle_1.png
  artifactKey: Guid(af89d42fba479d44eacb012dc8b4c912) Importer(815301076,1909f56bfc062723c751e8b465ee728b)
Start importing Assets/角色/01_idle/01_idle_1.png using Guid(af89d42fba479d44eacb012dc8b4c912) Importer(815301076,1909f56bfc062723c751e8b465ee728b)  -> (artifact id: '7d3be021db57aa3cf0010228eba0d88e') in 0.010723 seconds 
  Import took 0.013931 seconds .

========================================================================
Received Import Request.
  Time since last request: 9.949809 seconds.
  path: Assets/角色/01_idle/01_idle_7.png
  artifactKey: Guid(f3acaabcba0c71a47ae17dc111bc5f57) Importer(815301076,1909f56bfc062723c751e8b465ee728b)
Start importing Assets/角色/01_idle/01_idle_7.png using Guid(f3acaabcba0c71a47ae17dc111bc5f57) Importer(815301076,1909f56bfc062723c751e8b465ee728b)  -> (artifact id: '4c6eaf322bbe41922de7034493871210') in 0.009012 seconds 
  Import took 0.012098 seconds .

========================================================================
Received Import Request.
  Time since last request: 4.904167 seconds.
  path: Assets/角色/02_run/02_run_1.png
  artifactKey: Guid(34c86c2c42759a4489f9b1ffdb51c18e) Importer(815301076,1909f56bfc062723c751e8b465ee728b)
Start importing Assets/角色/02_run/02_run_1.png using Guid(34c86c2c42759a4489f9b1ffdb51c18e) Importer(815301076,1909f56bfc062723c751e8b465ee728b)  -> (artifact id: '2d30892d32729da754e5928ba5bf0713') in 0.008486 seconds 
  Import took 0.011490 seconds .

========================================================================
Received Import Request.
  Time since last request: 6.228739 seconds.
  path: Assets/角色/02_run/02_run_3.png
  artifactKey: Guid(a414fae852525764487adbd42ebba008) Importer(815301076,1909f56bfc062723c751e8b465ee728b)
Start importing Assets/角色/02_run/02_run_3.png using Guid(a414fae852525764487adbd42ebba008) Importer(815301076,1909f56bfc062723c751e8b465ee728b)  -> (artifact id: '88f2af589b39993cf610c147b45df573') in 0.007924 seconds 
  Import took 0.010589 seconds .

========================================================================
Received Import Request.
  Time since last request: 4.308666 seconds.
  path: Assets/角色/13_death/13_death_1.png
  artifactKey: Guid(077eb93f619167d40882e941f1ad4e60) Importer(815301076,1909f56bfc062723c751e8b465ee728b)
Start importing Assets/角色/13_death/13_death_1.png using Guid(077eb93f619167d40882e941f1ad4e60) Importer(815301076,1909f56bfc062723c751e8b465ee728b)  -> (artifact id: '3665e3e0114701f8e917955913e38483') in 0.009248 seconds 
  Import took 0.012241 seconds .

========================================================================
Received Import Request.
  Time since last request: 9.980831 seconds.
  path: Assets/角色/13_death/13_death_6.png
  artifactKey: Guid(87f6c7c4a0a46df448b10437ab6504d7) Importer(815301076,1909f56bfc062723c751e8b465ee728b)
Start importing Assets/角色/13_death/13_death_6.png using Guid(87f6c7c4a0a46df448b10437ab6504d7) Importer(815301076,1909f56bfc062723c751e8b465ee728b)  -> (artifact id: '8ec93450c84e152927fd75d2a36f839e') in 0.009402 seconds 
  Import took 0.012207 seconds .

========================================================================
Received Import Request.
  Time since last request: 120.467956 seconds.
  path: Assets/動畫/刺客死亡.anim
  artifactKey: Guid(d8093a54d95fc3144b7c4ad8d3bdc9e5) Importer(815301076,1909f56bfc062723c751e8b465ee728b)
Start importing Assets/動畫/刺客死亡.anim using Guid(d8093a54d95fc3144b7c4ad8d3bdc9e5) Importer(815301076,1909f56bfc062723c751e8b465ee728b)  -> (artifact id: '9618029e5b8edea023b28ef6f76cebde') in 0.003730 seconds 
  Import took 0.006435 seconds .

========================================================================
Received Prepare
Registering precompiled user dll's ...
Registered in 0.005925 seconds.
Begin MonoManager ReloadAssembly
Native extension for WindowsStandalone target not found
Native extension for WebGL target not found
Refreshing native plugins compatible for Editor in 0.42 ms, found 3 plugins.
Preloading 0 native plugins for Editor in 0.00 ms.
Mono: successfully reloaded assembly
- Completed reload, in  0.887 seconds
Domain Reload Profiling:
	ReloadAssembly (887ms)
		BeginReloadAssembly (112ms)
			ExecutionOrderSort (0ms)
			DisableScriptedObjects (5ms)
			BackupInstance (0ms)
			ReleaseScriptingObjects (0ms)
			CreateAndSetChildDomain (27ms)
		EndReloadAssembly (713ms)
			LoadAssemblies (96ms)
			RebuildTransferFunctionScriptingTraits (0ms)
			SetupTypeCache (244ms)
			ReleaseScriptCaches (1ms)
			RebuildScriptCaches (35ms)
			SetupLoadedEditorAssemblies (259ms)
				LogAssemblyErrors (0ms)
				InitializePlatformSupportModulesInManaged (5ms)
				SetLoadedEditorAssemblies (0ms)
				RefreshPlugins (0ms)
				BeforeProcessingInitializeOnLoad (69ms)
				ProcessInitializeOnLoadAttributes (163ms)
				ProcessInitializeOnLoadMethodAttributes (9ms)
				AfterProcessingInitializeOnLoad (12ms)
				EditorAssembliesLoaded (0ms)
			ExecutionOrderSort2 (0ms)
			AwakeInstancesAfterBackupRestoration (7ms)
Platform modules already initialized, skipping
Refreshing native plugins compatible for Editor in 0.44 ms, found 3 plugins.
Preloading 0 native plugins for Editor in 0.00 ms.
Unloading 2183 Unused Serialized files (Serialized files now loaded: 0)
System memory in use before: 98.6 MB.
System memory in use after: 98.7 MB.

Unloading 17 unused Assets to reduce memory usage. Loaded Objects now: 2682.
Total: 2.436000 ms (FindLiveObjects: 0.140100 ms CreateObjectMapping: 0.065600 ms MarkObjects: 2.217400 ms  DeleteObjects: 0.011900 ms)

AssetImportParameters requested are different than current active one (requested -> active):
  custom:framework-win-MediaFoundation: 216162199b28c13a410421893ffa2e32 -> 
  custom:video-decoder-ogg-theora: a1e56fd34408186e4bbccfd4996cb3dc -> 
  custom:container-muxer-webm: aa71ff27fc2769a1b78a27578f13a17b -> 
  custom:container-demuxer-webm: 4f35f7cbe854078d1ac9338744f61a02 -> 
  custom:container-demuxer-ogg: 62fdf1f143b41e24485cea50d1cbac27 -> 
  custom:video-encoder-webm-vp8: eb34c28f22e8b96e1ab97ce403110664 -> 
  custom:video-decoder-webm-vp8: 9c59270c3fd7afecdb556c50c9e8de78 -> 
  custom:audio-decoder-ogg-vorbis: bf7c407c2cedff20999df2af8eb42d56 -> 
  custom:audio-encoder-webm-vorbis: bf7c407c2cedff20999df2af8eb42d56 -> 
========================================================================
Received Prepare
Registering precompiled user dll's ...
Registered in 0.006296 seconds.
Begin MonoManager ReloadAssembly
Native extension for WindowsStandalone target not found
Native extension for WebGL target not found
Refreshing native plugins compatible for Editor in 0.41 ms, found 3 plugins.
Preloading 0 native plugins for Editor in 0.00 ms.
Mono: successfully reloaded assembly
- Completed reload, in  0.884 seconds
Domain Reload Profiling:
	ReloadAssembly (884ms)
		BeginReloadAssembly (113ms)
			ExecutionOrderSort (0ms)
			DisableScriptedObjects (5ms)
			BackupInstance (0ms)
			ReleaseScriptingObjects (0ms)
			CreateAndSetChildDomain (26ms)
		EndReloadAssembly (709ms)
			LoadAssemblies (94ms)
			RebuildTransferFunctionScriptingTraits (0ms)
			SetupTypeCache (246ms)
			ReleaseScriptCaches (1ms)
			RebuildScriptCaches (34ms)
			SetupLoadedEditorAssemblies (259ms)
				LogAssemblyErrors (0ms)
				InitializePlatformSupportModulesInManaged (5ms)
				SetLoadedEditorAssemblies (0ms)
				RefreshPlugins (0ms)
				BeforeProcessingInitializeOnLoad (68ms)
				ProcessInitializeOnLoadAttributes (165ms)
				ProcessInitializeOnLoadMethodAttributes (9ms)
				AfterProcessingInitializeOnLoad (12ms)
				EditorAssembliesLoaded (0ms)
			ExecutionOrderSort2 (0ms)
			AwakeInstancesAfterBackupRestoration (7ms)
Platform modules already initialized, skipping
Refreshing native plugins compatible for Editor in 0.59 ms, found 3 plugins.
Preloading 0 native plugins for Editor in 0.00 ms.
Unloading 2183 Unused Serialized files (Serialized files now loaded: 0)
System memory in use before: 98.6 MB.
System memory in use after: 98.8 MB.

Unloading 17 unused Assets to reduce memory usage. Loaded Objects now: 2684.
Total: 2.481200 ms (FindLiveObjects: 0.141400 ms CreateObjectMapping: 0.071800 ms MarkObjects: 2.255500 ms  DeleteObjects: 0.011800 ms)

AssetImportParameters requested are different than current active one (requested -> active):
  custom:framework-win-MediaFoundation: 216162199b28c13a410421893ffa2e32 -> 
  custom:video-decoder-ogg-theora: a1e56fd34408186e4bbccfd4996cb3dc -> 
  custom:container-muxer-webm: aa71ff27fc2769a1b78a27578f13a17b -> 
  custom:container-demuxer-webm: 4f35f7cbe854078d1ac9338744f61a02 -> 
  custom:container-demuxer-ogg: 62fdf1f143b41e24485cea50d1cbac27 -> 
  custom:video-encoder-webm-vp8: eb34c28f22e8b96e1ab97ce403110664 -> 
  custom:video-decoder-webm-vp8: 9c59270c3fd7afecdb556c50c9e8de78 -> 
  custom:audio-decoder-ogg-vorbis: bf7c407c2cedff20999df2af8eb42d56 -> 
  custom:audio-encoder-webm-vorbis: bf7c407c2cedff20999df2af8eb42d56 -> 
========================================================================
Received Prepare
Registering precompiled user dll's ...
Registered in 0.005569 seconds.
Begin MonoManager ReloadAssembly
Native extension for WindowsStandalone target not found
Native extension for WebGL target not found
Refreshing native plugins compatible for Editor in 0.42 ms, found 3 plugins.
Preloading 0 native plugins for Editor in 0.00 ms.
Mono: successfully reloaded assembly
- Completed reload, in  0.894 seconds
Domain Reload Profiling:
	ReloadAssembly (894ms)
		BeginReloadAssembly (118ms)
			ExecutionOrderSort (0ms)
			DisableScriptedObjects (5ms)
			BackupInstance (0ms)
			ReleaseScriptingObjects (0ms)
			CreateAndSetChildDomain (26ms)
		EndReloadAssembly (712ms)
			LoadAssemblies (95ms)
			RebuildTransferFunctionScriptingTraits (0ms)
			SetupTypeCache (240ms)
			ReleaseScriptCaches (1ms)
			RebuildScriptCaches (34ms)
			SetupLoadedEditorAssemblies (268ms)
				LogAssemblyErrors (0ms)
				InitializePlatformSupportModulesInManaged (5ms)
				SetLoadedEditorAssemblies (0ms)
				RefreshPlugins (0ms)
				BeforeProcessingInitializeOnLoad (68ms)
				ProcessInitializeOnLoadAttributes (173ms)
				ProcessInitializeOnLoadMethodAttributes (9ms)
				AfterProcessingInitializeOnLoad (12ms)
				EditorAssembliesLoaded (0ms)
			ExecutionOrderSort2 (0ms)
			AwakeInstancesAfterBackupRestoration (7ms)
Platform modules already initialized, skipping
Refreshing native plugins compatible for Editor in 0.40 ms, found 3 plugins.
Preloading 0 native plugins for Editor in 0.00 ms.
Unloading 2183 Unused Serialized files (Serialized files now loaded: 0)
System memory in use before: 98.6 MB.
System memory in use after: 98.8 MB.

Unloading 17 unused Assets to reduce memory usage. Loaded Objects now: 2686.
Total: 2.432800 ms (FindLiveObjects: 0.152900 ms CreateObjectMapping: 0.065800 ms MarkObjects: 2.202100 ms  DeleteObjects: 0.011100 ms)

AssetImportParameters requested are different than current active one (requested -> active):
  custom:framework-win-MediaFoundation: 216162199b28c13a410421893ffa2e32 -> 
  custom:video-decoder-ogg-theora: a1e56fd34408186e4bbccfd4996cb3dc -> 
  custom:container-muxer-webm: aa71ff27fc2769a1b78a27578f13a17b -> 
  custom:container-demuxer-webm: 4f35f7cbe854078d1ac9338744f61a02 -> 
  custom:container-demuxer-ogg: 62fdf1f143b41e24485cea50d1cbac27 -> 
  custom:video-encoder-webm-vp8: eb34c28f22e8b96e1ab97ce403110664 -> 
  custom:video-decoder-webm-vp8: 9c59270c3fd7afecdb556c50c9e8de78 -> 
  custom:audio-decoder-ogg-vorbis: bf7c407c2cedff20999df2af8eb42d56 -> 
  custom:audio-encoder-webm-vorbis: bf7c407c2cedff20999df2af8eb42d56 -> 
========================================================================
Received Import Request.
  Time since last request: 821.029218 seconds.
  path: Assets/動畫/01_idle_1.controller
  artifactKey: Guid(d0917bc983da06045ab1ac1ab49fa877) Importer(815301076,1909f56bfc062723c751e8b465ee728b)
Start importing Assets/動畫/01_idle_1.controller using Guid(d0917bc983da06045ab1ac1ab49fa877) Importer(815301076,1909f56bfc062723c751e8b465ee728b)  -> (artifact id: '3185cfb5c700e1137a8605ddbb3fd67b') in 0.016197 seconds 
  Import took 0.018988 seconds .

========================================================================
Received Import Request.
  Time since last request: 0.933245 seconds.
  path: Assets/動畫/13_death_1.controller
  artifactKey: Guid(cb82d5bcd0a1c9042aa2109eb61ee6a3) Importer(815301076,1909f56bfc062723c751e8b465ee728b)
Start importing Assets/動畫/13_death_1.controller using Guid(cb82d5bcd0a1c9042aa2109eb61ee6a3) Importer(815301076,1909f56bfc062723c751e8b465ee728b)  -> (artifact id: '408c9315ee568e9180054f4cd633449b') in 0.003366 seconds 
  Import took 0.006139 seconds .

========================================================================
Received Prepare
Registering precompiled user dll's ...
Registered in 0.005466 seconds.
Begin MonoManager ReloadAssembly
Native extension for WindowsStandalone target not found
Native extension for WebGL target not found
Refreshing native plugins compatible for Editor in 0.46 ms, found 3 plugins.
Preloading 0 native plugins for Editor in 0.00 ms.
Mono: successfully reloaded assembly
- Completed reload, in  0.881 seconds
Domain Reload Profiling:
	ReloadAssembly (881ms)
		BeginReloadAssembly (114ms)
			ExecutionOrderSort (0ms)
			DisableScriptedObjects (5ms)
			BackupInstance (0ms)
			ReleaseScriptingObjects (0ms)
			CreateAndSetChildDomain (26ms)
		EndReloadAssembly (705ms)
			LoadAssemblies (95ms)
			RebuildTransferFunctionScriptingTraits (0ms)
			SetupTypeCache (237ms)
			ReleaseScriptCaches (1ms)
			RebuildScriptCaches (34ms)
			SetupLoadedEditorAssemblies (254ms)
				LogAssemblyErrors (0ms)
				InitializePlatformSupportModulesInManaged (5ms)
				SetLoadedEditorAssemblies (0ms)
				RefreshPlugins (0ms)
				BeforeProcessingInitializeOnLoad (67ms)
				ProcessInitializeOnLoadAttributes (161ms)
				ProcessInitializeOnLoadMethodAttributes (9ms)
				AfterProcessingInitializeOnLoad (12ms)
				EditorAssembliesLoaded (0ms)
			ExecutionOrderSort2 (0ms)
			AwakeInstancesAfterBackupRestoration (8ms)
Platform modules already initialized, skipping
Refreshing native plugins compatible for Editor in 0.41 ms, found 3 plugins.
Preloading 0 native plugins for Editor in 0.00 ms.
Unloading 2183 Unused Serialized files (Serialized files now loaded: 0)
System memory in use before: 98.7 MB.
System memory in use after: 98.8 MB.

Unloading 17 unused Assets to reduce memory usage. Loaded Objects now: 2688.
Total: 2.404700 ms (FindLiveObjects: 0.129900 ms CreateObjectMapping: 0.063200 ms MarkObjects: 2.199300 ms  DeleteObjects: 0.011600 ms)

AssetImportParameters requested are different than current active one (requested -> active):
  custom:framework-win-MediaFoundation: 216162199b28c13a410421893ffa2e32 -> 
  custom:video-decoder-ogg-theora: a1e56fd34408186e4bbccfd4996cb3dc -> 
  custom:container-muxer-webm: aa71ff27fc2769a1b78a27578f13a17b -> 
  custom:container-demuxer-webm: 4f35f7cbe854078d1ac9338744f61a02 -> 
  custom:container-demuxer-ogg: 62fdf1f143b41e24485cea50d1cbac27 -> 
  custom:video-encoder-webm-vp8: eb34c28f22e8b96e1ab97ce403110664 -> 
  custom:video-decoder-webm-vp8: 9c59270c3fd7afecdb556c50c9e8de78 -> 
  custom:audio-decoder-ogg-vorbis: bf7c407c2cedff20999df2af8eb42d56 -> 
  custom:audio-encoder-webm-vorbis: bf7c407c2cedff20999df2af8eb42d56 -> 
========================================================================
Received Import Request.
  Time since last request: 28.222296 seconds.
  path: Assets/角色/01_idle/Materials
  artifactKey: Guid(b5c70a7a23971be48b7d3702ce4ac442) Importer(815301076,1909f56bfc062723c751e8b465ee728b)
Start importing Assets/角色/01_idle/Materials using Guid(b5c70a7a23971be48b7d3702ce4ac442) Importer(815301076,1909f56bfc062723c751e8b465ee728b)  -> (artifact id: '89f5780d713e8038124eb0b0b57bf847') in 0.004200 seconds 
  Import took 0.007002 seconds .

========================================================================
Received Import Request.
  Time since last request: 15.190991 seconds.
  path: Assets/角色/01_idle/01_idle_1.png
  artifactKey: Guid(af89d42fba479d44eacb012dc8b4c912) Importer(815301076,1909f56bfc062723c751e8b465ee728b)
Start importing Assets/角色/01_idle/01_idle_1.png using Guid(af89d42fba479d44eacb012dc8b4c912) Importer(815301076,1909f56bfc062723c751e8b465ee728b)  -> (artifact id: '531088625c244958d89edb4149a54821') in 0.037444 seconds 
  Import took 0.040277 seconds .

========================================================================
Received Import Request.
  Time since last request: 12.779470 seconds.
  path: Assets/動畫
  artifactKey: Guid(1fdc3690696d9c442b65c3cb4d0e26ee) Importer(815301076,1909f56bfc062723c751e8b465ee728b)
Start importing Assets/動畫 using Guid(1fdc3690696d9c442b65c3cb4d0e26ee) Importer(815301076,1909f56bfc062723c751e8b465ee728b)  -> (artifact id: 'cd7ff29f4bb7d4496aa380c783eda9b3') in 0.002263 seconds 
  Import took 0.005464 seconds .

========================================================================
Received Import Request.
  Time since last request: 19.303198 seconds.
  path: Assets/動畫/New Animator Controller.controller
  artifactKey: Guid(a1cfb6a97e0c29748b6e10e047090d2d) Importer(815301076,1909f56bfc062723c751e8b465ee728b)
Start importing Assets/動畫/New Animator Controller.controller using Guid(a1cfb6a97e0c29748b6e10e047090d2d) Importer(815301076,1909f56bfc062723c751e8b465ee728b)  -> (artifact id: 'e9a60545fcffcaf49de23bafd0e3d5fd') in 0.003037 seconds 
  Import took 0.006938 seconds .

========================================================================
Received Import Request.
  Time since last request: 6.633004 seconds.
  path: Assets/動畫/刺客死亡.anim
  artifactKey: Guid(d8093a54d95fc3144b7c4ad8d3bdc9e5) Importer(815301076,1909f56bfc062723c751e8b465ee728b)
Start importing Assets/動畫/刺客死亡.anim using Guid(d8093a54d95fc3144b7c4ad8d3bdc9e5) Importer(815301076,1909f56bfc062723c751e8b465ee728b)  -> (artifact id: '0c7acc4ce5b93e6f609cfe810c6f2a9f') in 0.002326 seconds 
  Import took 0.005095 seconds .

========================================================================
Received Import Request.
  Time since last request: 6.935506 seconds.
  path: Assets/動畫/刺客.controller
  artifactKey: Guid(a1cfb6a97e0c29748b6e10e047090d2d) Importer(815301076,1909f56bfc062723c751e8b465ee728b)
Start importing Assets/動畫/刺客.controller using Guid(a1cfb6a97e0c29748b6e10e047090d2d) Importer(815301076,1909f56bfc062723c751e8b465ee728b)  -> (artifact id: '0749bebe1c231c09ce703dda2f510e11') in 0.002313 seconds 
  Import took 0.005641 seconds .

========================================================================
Received Import Request.
  Time since last request: 296.198460 seconds.
  path: Assets/角色/01_idle/Materials
  artifactKey: Guid(7863f3efee003d04e9249611b22eaea9) Importer(815301076,1909f56bfc062723c751e8b465ee728b)
Start importing Assets/角色/01_idle/Materials using Guid(7863f3efee003d04e9249611b22eaea9) Importer(815301076,1909f56bfc062723c751e8b465ee728b)  -> (artifact id: '88e7b0598cedaa3665881805214d687e') in 0.001703 seconds 
  Import took 0.004432 seconds .

========================================================================
Received Prepare
Registering precompiled user dll's ...
Registered in 0.006133 seconds.
Begin MonoManager ReloadAssembly
Native extension for WindowsStandalone target not found
Native extension for WebGL target not found
Refreshing native plugins compatible for Editor in 0.41 ms, found 3 plugins.
Preloading 0 native plugins for Editor in 0.00 ms.
Mono: successfully reloaded assembly
- Completed reload, in  0.875 seconds
Domain Reload Profiling:
	ReloadAssembly (875ms)
		BeginReloadAssembly (117ms)
			ExecutionOrderSort (0ms)
			DisableScriptedObjects (5ms)
			BackupInstance (0ms)
			ReleaseScriptingObjects (0ms)
			CreateAndSetChildDomain (26ms)
		EndReloadAssembly (697ms)
			LoadAssemblies (96ms)
			RebuildTransferFunctionScriptingTraits (0ms)
			SetupTypeCache (236ms)
			ReleaseScriptCaches (1ms)
			RebuildScriptCaches (34ms)
			SetupLoadedEditorAssemblies (255ms)
				LogAssemblyErrors (0ms)
				InitializePlatformSupportModulesInManaged (5ms)
				SetLoadedEditorAssemblies (0ms)
				RefreshPlugins (0ms)
				BeforeProcessingInitializeOnLoad (69ms)
				ProcessInitializeOnLoadAttributes (159ms)
				ProcessInitializeOnLoadMethodAttributes (9ms)
				AfterProcessingInitializeOnLoad (12ms)
				EditorAssembliesLoaded (0ms)
			ExecutionOrderSort2 (0ms)
			AwakeInstancesAfterBackupRestoration (7ms)
Platform modules already initialized, skipping
Refreshing native plugins compatible for Editor in 0.40 ms, found 3 plugins.
Preloading 0 native plugins for Editor in 0.00 ms.
Unloading 2183 Unused Serialized files (Serialized files now loaded: 0)
System memory in use before: 98.7 MB.
System memory in use after: 98.8 MB.

Unloading 17 unused Assets to reduce memory usage. Loaded Objects now: 2691.
Total: 2.323600 ms (FindLiveObjects: 0.127800 ms CreateObjectMapping: 0.063400 ms MarkObjects: 2.118600 ms  DeleteObjects: 0.013100 ms)

AssetImportParameters requested are different than current active one (requested -> active):
  custom:framework-win-MediaFoundation: 216162199b28c13a410421893ffa2e32 -> 
  custom:video-decoder-ogg-theora: a1e56fd34408186e4bbccfd4996cb3dc -> 
  custom:container-muxer-webm: aa71ff27fc2769a1b78a27578f13a17b -> 
  custom:container-demuxer-webm: 4f35f7cbe854078d1ac9338744f61a02 -> 
  custom:container-demuxer-ogg: 62fdf1f143b41e24485cea50d1cbac27 -> 
  custom:video-encoder-webm-vp8: eb34c28f22e8b96e1ab97ce403110664 -> 
  custom:video-decoder-webm-vp8: 9c59270c3fd7afecdb556c50c9e8de78 -> 
  custom:audio-decoder-ogg-vorbis: bf7c407c2cedff20999df2af8eb42d56 -> 
  custom:audio-encoder-webm-vorbis: bf7c407c2cedff20999df2af8eb42d56 -> 
========================================================================
Received Import Request.
  Time since last request: 79.571757 seconds.
  path: Assets/動畫/刺客.controller
  artifactKey: Guid(a1cfb6a97e0c29748b6e10e047090d2d) Importer(815301076,1909f56bfc062723c751e8b465ee728b)
Start importing Assets/動畫/刺客.controller using Guid(a1cfb6a97e0c29748b6e10e047090d2d) Importer(815301076,1909f56bfc062723c751e8b465ee728b)  -> (artifact id: '2735012fa14756faf7396c8c9d97b0d2') in 0.011885 seconds 
  Import took 0.014888 seconds .

========================================================================
Received Import Request.
  Time since last request: 7.535663 seconds.
  path: Assets/動畫/刺客.controller
  artifactKey: Guid(a1cfb6a97e0c29748b6e10e047090d2d) Importer(815301076,1909f56bfc062723c751e8b465ee728b)
Start importing Assets/動畫/刺客.controller using Guid(a1cfb6a97e0c29748b6e10e047090d2d) Importer(815301076,1909f56bfc062723c751e8b465ee728b)  -> (artifact id: '9e87fc915ffac2a3cc9c81678bb89d36') in 0.003398 seconds 
  Import took 0.006563 seconds .

========================================================================
Received Prepare
Registering precompiled user dll's ...
Registered in 0.006744 seconds.
Begin MonoManager ReloadAssembly
Native extension for WindowsStandalone target not found
Native extension for WebGL target not found
Refreshing native plugins compatible for Editor in 0.42 ms, found 3 plugins.
Preloading 0 native plugins for Editor in 0.00 ms.
Mono: successfully reloaded assembly
- Completed reload, in  0.976 seconds
Domain Reload Profiling:
	ReloadAssembly (977ms)
		BeginReloadAssembly (130ms)
			ExecutionOrderSort (0ms)
			DisableScriptedObjects (6ms)
			BackupInstance (0ms)
			ReleaseScriptingObjects (0ms)
			CreateAndSetChildDomain (28ms)
		EndReloadAssembly (773ms)
			LoadAssemblies (108ms)
			RebuildTransferFunctionScriptingTraits (0ms)
			SetupTypeCache (261ms)
			ReleaseScriptCaches (1ms)
			RebuildScriptCaches (38ms)
			SetupLoadedEditorAssemblies (287ms)
				LogAssemblyErrors (0ms)
				InitializePlatformSupportModulesInManaged (5ms)
				SetLoadedEditorAssemblies (0ms)
				RefreshPlugins (1ms)
				BeforeProcessingInitializeOnLoad (77ms)
				ProcessInitializeOnLoadAttributes (180ms)
				ProcessInitializeOnLoadMethodAttributes (10ms)
				AfterProcessingInitializeOnLoad (14ms)
				EditorAssembliesLoaded (0ms)
			ExecutionOrderSort2 (0ms)
			AwakeInstancesAfterBackupRestoration (8ms)
Platform modules already initialized, skipping
Refreshing native plugins compatible for Editor in 0.42 ms, found 3 plugins.
Preloading 0 native plugins for Editor in 0.00 ms.
Unloading 2183 Unused Serialized files (Serialized files now loaded: 0)
System memory in use before: 98.7 MB.
System memory in use after: 98.8 MB.

Unloading 17 unused Assets to reduce memory usage. Loaded Objects now: 2693.
Total: 2.456800 ms (FindLiveObjects: 0.144700 ms CreateObjectMapping: 0.067700 ms MarkObjects: 2.230900 ms  DeleteObjects: 0.012500 ms)

AssetImportParameters requested are different than current active one (requested -> active):
  custom:framework-win-MediaFoundation: 216162199b28c13a410421893ffa2e32 -> 
  custom:video-decoder-ogg-theora: a1e56fd34408186e4bbccfd4996cb3dc -> 
  custom:container-muxer-webm: aa71ff27fc2769a1b78a27578f13a17b -> 
  custom:container-demuxer-webm: 4f35f7cbe854078d1ac9338744f61a02 -> 
  custom:container-demuxer-ogg: 62fdf1f143b41e24485cea50d1cbac27 -> 
  custom:video-encoder-webm-vp8: eb34c28f22e8b96e1ab97ce403110664 -> 
  custom:video-decoder-webm-vp8: 9c59270c3fd7afecdb556c50c9e8de78 -> 
  custom:audio-decoder-ogg-vorbis: bf7c407c2cedff20999df2af8eb42d56 -> 
  custom:audio-encoder-webm-vorbis: bf7c407c2cedff20999df2af8eb42d56 -> 
========================================================================
Received Import Request.
  Time since last request: 38.772666 seconds.
  path: Assets/角色/01_idle/01_idle_3.png
  artifactKey: Guid(faf21b9480e69094cabd90fcd6fe3251) Importer(815301076,1909f56bfc062723c751e8b465ee728b)
Start importing Assets/角色/01_idle/01_idle_3.png using Guid(faf21b9480e69094cabd90fcd6fe3251) Importer(815301076,1909f56bfc062723c751e8b465ee728b)  -> (artifact id: 'd6d1ccd6b521e4b8f0f3273ab099e5f2') in 0.042349 seconds 
  Import took 0.045232 seconds .

========================================================================
Received Import Request.
  Time since last request: 0.323051 seconds.
  path: Assets/角色/01_idle/01_idle_5.png
  artifactKey: Guid(9f599cc22a7530744a26c40f2b926e3d) Importer(815301076,1909f56bfc062723c751e8b465ee728b)
Start importing Assets/角色/01_idle/01_idle_5.png using Guid(9f599cc22a7530744a26c40f2b926e3d) Importer(815301076,1909f56bfc062723c751e8b465ee728b)  -> (artifact id: 'f3a26cbe4e65f773f15d35a6820b0f5a') in 0.008705 seconds 
  Import took 0.011548 seconds .

========================================================================
Received Prepare
Registering precompiled user dll's ...
Registered in 0.005729 seconds.
Begin MonoManager ReloadAssembly
Native extension for WindowsStandalone target not found
Native extension for WebGL target not found
Refreshing native plugins compatible for Editor in 0.42 ms, found 3 plugins.
Preloading 0 native plugins for Editor in 0.00 ms.
Mono: successfully reloaded assembly
- Completed reload, in  0.883 seconds
Domain Reload Profiling:
	ReloadAssembly (884ms)
		BeginReloadAssembly (110ms)
			ExecutionOrderSort (0ms)
			DisableScriptedObjects (5ms)
			BackupInstance (0ms)
			ReleaseScriptingObjects (0ms)
			CreateAndSetChildDomain (25ms)
		EndReloadAssembly (712ms)
			LoadAssemblies (97ms)
			RebuildTransferFunctionScriptingTraits (0ms)
			SetupTypeCache (242ms)
			ReleaseScriptCaches (1ms)
			RebuildScriptCaches (34ms)
			SetupLoadedEditorAssemblies (260ms)
				LogAssemblyErrors (0ms)
				InitializePlatformSupportModulesInManaged (5ms)
				SetLoadedEditorAssemblies (0ms)
				RefreshPlugins (0ms)
				BeforeProcessingInitializeOnLoad (70ms)
				ProcessInitializeOnLoadAttributes (163ms)
				ProcessInitializeOnLoadMethodAttributes (9ms)
				AfterProcessingInitializeOnLoad (12ms)
				EditorAssembliesLoaded (0ms)
			ExecutionOrderSort2 (0ms)
			AwakeInstancesAfterBackupRestoration (8ms)
Platform modules already initialized, skipping
Refreshing native plugins compatible for Editor in 0.43 ms, found 3 plugins.
Preloading 0 native plugins for Editor in 0.00 ms.
Unloading 2183 Unused Serialized files (Serialized files now loaded: 0)
System memory in use before: 98.7 MB.
System memory in use after: 98.8 MB.

Unloading 17 unused Assets to reduce memory usage. Loaded Objects now: 2696.
Total: 2.407300 ms (FindLiveObjects: 0.160300 ms CreateObjectMapping: 0.081700 ms MarkObjects: 2.152500 ms  DeleteObjects: 0.012200 ms)

AssetImportParameters requested are different than current active one (requested -> active):
  custom:framework-win-MediaFoundation: 216162199b28c13a410421893ffa2e32 -> 
  custom:video-decoder-ogg-theora: a1e56fd34408186e4bbccfd4996cb3dc -> 
  custom:container-muxer-webm: aa71ff27fc2769a1b78a27578f13a17b -> 
  custom:container-demuxer-webm: 4f35f7cbe854078d1ac9338744f61a02 -> 
  custom:container-demuxer-ogg: 62fdf1f143b41e24485cea50d1cbac27 -> 
  custom:video-encoder-webm-vp8: eb34c28f22e8b96e1ab97ce403110664 -> 
  custom:video-decoder-webm-vp8: 9c59270c3fd7afecdb556c50c9e8de78 -> 
  custom:audio-decoder-ogg-vorbis: bf7c407c2cedff20999df2af8eb42d56 -> 
  custom:audio-encoder-webm-vorbis: bf7c407c2cedff20999df2af8eb42d56 -> 
========================================================================
Received Prepare
Registering precompiled user dll's ...
Registered in 0.005501 seconds.
Begin MonoManager ReloadAssembly
Native extension for WindowsStandalone target not found
Native extension for WebGL target not found
Refreshing native plugins compatible for Editor in 0.42 ms, found 3 plugins.
Preloading 0 native plugins for Editor in 0.00 ms.
Mono: successfully reloaded assembly
- Completed reload, in  0.880 seconds
Domain Reload Profiling:
	ReloadAssembly (881ms)
		BeginReloadAssembly (116ms)
			ExecutionOrderSort (0ms)
			DisableScriptedObjects (5ms)
			BackupInstance (0ms)
			ReleaseScriptingObjects (0ms)
			CreateAndSetChildDomain (25ms)
		EndReloadAssembly (703ms)
			LoadAssemblies (95ms)
			RebuildTransferFunctionScriptingTraits (0ms)
			SetupTypeCache (238ms)
			ReleaseScriptCaches (1ms)
			RebuildScriptCaches (35ms)
			SetupLoadedEditorAssemblies (259ms)
				LogAssemblyErrors (0ms)
				InitializePlatformSupportModulesInManaged (5ms)
				SetLoadedEditorAssemblies (0ms)
				RefreshPlugins (0ms)
				BeforeProcessingInitializeOnLoad (69ms)
				ProcessInitializeOnLoadAttributes (163ms)
				ProcessInitializeOnLoadMethodAttributes (9ms)
				AfterProcessingInitializeOnLoad (12ms)
				EditorAssembliesLoaded (0ms)
			ExecutionOrderSort2 (0ms)
			AwakeInstancesAfterBackupRestoration (7ms)
Platform modules already initialized, skipping
Refreshing native plugins compatible for Editor in 0.43 ms, found 3 plugins.
Preloading 0 native plugins for Editor in 0.00 ms.
Unloading 2183 Unused Serialized files (Serialized files now loaded: 0)
System memory in use before: 98.7 MB.
System memory in use after: 98.8 MB.

Unloading 17 unused Assets to reduce memory usage. Loaded Objects now: 2698.
Total: 2.456100 ms (FindLiveObjects: 0.145100 ms CreateObjectMapping: 0.066600 ms MarkObjects: 2.231400 ms  DeleteObjects: 0.012400 ms)

AssetImportParameters requested are different than current active one (requested -> active):
  custom:framework-win-MediaFoundation: 216162199b28c13a410421893ffa2e32 -> 
  custom:video-decoder-ogg-theora: a1e56fd34408186e4bbccfd4996cb3dc -> 
  custom:container-muxer-webm: aa71ff27fc2769a1b78a27578f13a17b -> 
  custom:container-demuxer-webm: 4f35f7cbe854078d1ac9338744f61a02 -> 
  custom:container-demuxer-ogg: 62fdf1f143b41e24485cea50d1cbac27 -> 
  custom:video-encoder-webm-vp8: eb34c28f22e8b96e1ab97ce403110664 -> 
  custom:video-decoder-webm-vp8: 9c59270c3fd7afecdb556c50c9e8de78 -> 
  custom:audio-decoder-ogg-vorbis: bf7c407c2cedff20999df2af8eb42d56 -> 
  custom:audio-encoder-webm-vorbis: bf7c407c2cedff20999df2af8eb42d56 -> 
========================================================================
Received Import Request.
  Time since last request: 237.411833 seconds.
  path: Assets/Materials/01_idle_1.mat
  artifactKey: Guid(8edc2fb386e9c9c4baa44d92eb2974e2) Importer(815301076,1909f56bfc062723c751e8b465ee728b)
Start importing Assets/Materials/01_idle_1.mat using Guid(8edc2fb386e9c9c4baa44d92eb2974e2) Importer(815301076,1909f56bfc062723c751e8b465ee728b)  -> (artifact id: '0bdb8e5a3591b6ce0c06ea8747415f14') in 0.065799 seconds 
  Import took 0.068756 seconds .

========================================================================
Received Prepare
Registering precompiled user dll's ...
Registered in 0.006172 seconds.
Begin MonoManager ReloadAssembly
Native extension for WindowsStandalone target not found
Native extension for WebGL target not found
Refreshing native plugins compatible for Editor in 0.42 ms, found 3 plugins.
Preloading 0 native plugins for Editor in 0.00 ms.
Mono: successfully reloaded assembly
- Completed reload, in  0.864 seconds
Domain Reload Profiling:
	ReloadAssembly (864ms)
		BeginReloadAssembly (113ms)
			ExecutionOrderSort (0ms)
			DisableScriptedObjects (4ms)
			BackupInstance (0ms)
			ReleaseScriptingObjects (0ms)
			CreateAndSetChildDomain (25ms)
		EndReloadAssembly (691ms)
			LoadAssemblies (92ms)
			RebuildTransferFunctionScriptingTraits (0ms)
			SetupTypeCache (234ms)
			ReleaseScriptCaches (1ms)
			RebuildScriptCaches (34ms)
			SetupLoadedEditorAssemblies (255ms)
				LogAssemblyErrors (0ms)
				InitializePlatformSupportModulesInManaged (5ms)
				SetLoadedEditorAssemblies (0ms)
				RefreshPlugins (0ms)
				BeforeProcessingInitializeOnLoad (68ms)
				ProcessInitializeOnLoadAttributes (160ms)
				ProcessInitializeOnLoadMethodAttributes (9ms)
				AfterProcessingInitializeOnLoad (12ms)
				EditorAssembliesLoaded (0ms)
			ExecutionOrderSort2 (0ms)
			AwakeInstancesAfterBackupRestoration (7ms)
Platform modules already initialized, skipping
Refreshing native plugins compatible for Editor in 0.41 ms, found 3 plugins.
Preloading 0 native plugins for Editor in 0.00 ms.
Unloading 2183 Unused Serialized files (Serialized files now loaded: 0)
System memory in use before: 98.7 MB.
System memory in use after: 98.8 MB.

Unloading 17 unused Assets to reduce memory usage. Loaded Objects now: 2701.
Total: 2.353900 ms (FindLiveObjects: 0.135900 ms CreateObjectMapping: 0.065600 ms MarkObjects: 2.140500 ms  DeleteObjects: 0.011300 ms)

AssetImportParameters requested are different than current active one (requested -> active):
  custom:framework-win-MediaFoundation: 216162199b28c13a410421893ffa2e32 -> 
  custom:video-decoder-ogg-theora: a1e56fd34408186e4bbccfd4996cb3dc -> 
  custom:container-muxer-webm: aa71ff27fc2769a1b78a27578f13a17b -> 
  custom:container-demuxer-webm: 4f35f7cbe854078d1ac9338744f61a02 -> 
  custom:container-demuxer-ogg: 62fdf1f143b41e24485cea50d1cbac27 -> 
  custom:video-encoder-webm-vp8: eb34c28f22e8b96e1ab97ce403110664 -> 
  custom:video-decoder-webm-vp8: 9c59270c3fd7afecdb556c50c9e8de78 -> 
  custom:audio-decoder-ogg-vorbis: bf7c407c2cedff20999df2af8eb42d56 -> 
  custom:audio-encoder-webm-vorbis: bf7c407c2cedff20999df2af8eb42d56 -> 
========================================================================
Received Import Request.
  Time since last request: 157.943703 seconds.
  path: Assets/動畫/刺客.controller
  artifactKey: Guid(a1cfb6a97e0c29748b6e10e047090d2d) Importer(815301076,1909f56bfc062723c751e8b465ee728b)
Start importing Assets/動畫/刺客.controller using Guid(a1cfb6a97e0c29748b6e10e047090d2d) Importer(815301076,1909f56bfc062723c751e8b465ee728b)  -> (artifact id: '5516a656b874c49b69b62ddb66dca473') in 0.013323 seconds 
  Import took 0.016622 seconds .

========================================================================
Received Prepare
Registering precompiled user dll's ...
Registered in 0.005694 seconds.
Begin MonoManager ReloadAssembly
Native extension for WindowsStandalone target not found
Native extension for WebGL target not found
Refreshing native plugins compatible for Editor in 0.42 ms, found 3 plugins.
Preloading 0 native plugins for Editor in 0.00 ms.
Mono: successfully reloaded assembly
- Completed reload, in  0.867 seconds
Domain Reload Profiling:
	ReloadAssembly (867ms)
		BeginReloadAssembly (105ms)
			ExecutionOrderSort (0ms)
			DisableScriptedObjects (5ms)
			BackupInstance (0ms)
			ReleaseScriptingObjects (0ms)
			CreateAndSetChildDomain (25ms)
		EndReloadAssembly (700ms)
			LoadAssemblies (93ms)
			RebuildTransferFunctionScriptingTraits (0ms)
			SetupTypeCache (238ms)
			ReleaseScriptCaches (1ms)
			RebuildScriptCaches (34ms)
			SetupLoadedEditorAssemblies (259ms)
				LogAssemblyErrors (0ms)
				InitializePlatformSupportModulesInManaged (5ms)
				SetLoadedEditorAssemblies (0ms)
				RefreshPlugins (0ms)
				BeforeProcessingInitializeOnLoad (69ms)
				ProcessInitializeOnLoadAttributes (163ms)
				ProcessInitializeOnLoadMethodAttributes (9ms)
				AfterProcessingInitializeOnLoad (12ms)
				EditorAssembliesLoaded (0ms)
			ExecutionOrderSort2 (0ms)
			AwakeInstancesAfterBackupRestoration (7ms)
Platform modules already initialized, skipping
Refreshing native plugins compatible for Editor in 0.43 ms, found 3 plugins.
Preloading 0 native plugins for Editor in 0.00 ms.
Unloading 2183 Unused Serialized files (Serialized files now loaded: 0)
System memory in use before: 98.7 MB.
System memory in use after: 98.8 MB.

Unloading 17 unused Assets to reduce memory usage. Loaded Objects now: 2703.
Total: 2.365900 ms (FindLiveObjects: 0.146500 ms CreateObjectMapping: 0.068400 ms MarkObjects: 2.138000 ms  DeleteObjects: 0.012300 ms)

AssetImportParameters requested are different than current active one (requested -> active):
  custom:framework-win-MediaFoundation: 216162199b28c13a410421893ffa2e32 -> 
  custom:video-decoder-ogg-theora: a1e56fd34408186e4bbccfd4996cb3dc -> 
  custom:container-muxer-webm: aa71ff27fc2769a1b78a27578f13a17b -> 
  custom:container-demuxer-webm: 4f35f7cbe854078d1ac9338744f61a02 -> 
  custom:container-demuxer-ogg: 62fdf1f143b41e24485cea50d1cbac27 -> 
  custom:video-encoder-webm-vp8: eb34c28f22e8b96e1ab97ce403110664 -> 
  custom:video-decoder-webm-vp8: 9c59270c3fd7afecdb556c50c9e8de78 -> 
  custom:audio-decoder-ogg-vorbis: bf7c407c2cedff20999df2af8eb42d56 -> 
  custom:audio-encoder-webm-vorbis: bf7c407c2cedff20999df2af8eb42d56 -> 
========================================================================
Received Prepare
Registering precompiled user dll's ...
Registered in 0.005262 seconds.
Begin MonoManager ReloadAssembly
Native extension for WindowsStandalone target not found
Native extension for WebGL target not found
Refreshing native plugins compatible for Editor in 0.41 ms, found 3 plugins.
Preloading 0 native plugins for Editor in 0.00 ms.
Mono: successfully reloaded assembly
- Completed reload, in  0.878 seconds
Domain Reload Profiling:
	ReloadAssembly (879ms)
		BeginReloadAssembly (110ms)
			ExecutionOrderSort (0ms)
			DisableScriptedObjects (5ms)
			BackupInstance (0ms)
			ReleaseScriptingObjects (0ms)
			CreateAndSetChildDomain (25ms)
		EndReloadAssembly (707ms)
			LoadAssemblies (94ms)
			RebuildTransferFunctionScriptingTraits (0ms)
			SetupTypeCache (243ms)
			ReleaseScriptCaches (1ms)
			RebuildScriptCaches (34ms)
			SetupLoadedEditorAssemblies (259ms)
				LogAssemblyErrors (0ms)
				InitializePlatformSupportModulesInManaged (5ms)
				SetLoadedEditorAssemblies (0ms)
				RefreshPlugins (0ms)
				BeforeProcessingInitializeOnLoad (67ms)
				ProcessInitializeOnLoadAttributes (165ms)
				ProcessInitializeOnLoadMethodAttributes (9ms)
				AfterProcessingInitializeOnLoad (12ms)
				EditorAssembliesLoaded (0ms)
			ExecutionOrderSort2 (0ms)
			AwakeInstancesAfterBackupRestoration (7ms)
Platform modules already initialized, skipping
Refreshing native plugins compatible for Editor in 0.40 ms, found 3 plugins.
Preloading 0 native plugins for Editor in 0.00 ms.
Unloading 2183 Unused Serialized files (Serialized files now loaded: 0)
System memory in use before: 98.7 MB.
System memory in use after: 98.8 MB.

Unloading 17 unused Assets to reduce memory usage. Loaded Objects now: 2705.
Total: 2.339900 ms (FindLiveObjects: 0.136500 ms CreateObjectMapping: 0.078000 ms MarkObjects: 2.113600 ms  DeleteObjects: 0.011100 ms)

AssetImportParameters requested are different than current active one (requested -> active):
  custom:framework-win-MediaFoundation: 216162199b28c13a410421893ffa2e32 -> 
  custom:video-decoder-ogg-theora: a1e56fd34408186e4bbccfd4996cb3dc -> 
  custom:container-muxer-webm: aa71ff27fc2769a1b78a27578f13a17b -> 
  custom:container-demuxer-webm: 4f35f7cbe854078d1ac9338744f61a02 -> 
  custom:container-demuxer-ogg: 62fdf1f143b41e24485cea50d1cbac27 -> 
  custom:video-encoder-webm-vp8: eb34c28f22e8b96e1ab97ce403110664 -> 
  custom:video-decoder-webm-vp8: 9c59270c3fd7afecdb556c50c9e8de78 -> 
  custom:audio-decoder-ogg-vorbis: bf7c407c2cedff20999df2af8eb42d56 -> 
  custom:audio-encoder-webm-vorbis: bf7c407c2cedff20999df2af8eb42d56 -> 
========================================================================
Received Prepare
Registering precompiled user dll's ...
Registered in 0.005799 seconds.
Begin MonoManager ReloadAssembly
Native extension for WindowsStandalone target not found
Native extension for WebGL target not found
Refreshing native plugins compatible for Editor in 0.61 ms, found 3 plugins.
Preloading 0 native plugins for Editor in 0.00 ms.
Mono: successfully reloaded assembly
- Completed reload, in  0.878 seconds
Domain Reload Profiling:
	ReloadAssembly (878ms)
		BeginReloadAssembly (118ms)
			ExecutionOrderSort (0ms)
			DisableScriptedObjects (5ms)
			BackupInstance (0ms)
			ReleaseScriptingObjects (0ms)
			CreateAndSetChildDomain (25ms)
		EndReloadAssembly (699ms)
			LoadAssemblies (93ms)
			RebuildTransferFunctionScriptingTraits (0ms)
			SetupTypeCache (237ms)
			ReleaseScriptCaches (1ms)
			RebuildScriptCaches (35ms)
			SetupLoadedEditorAssemblies (258ms)
				LogAssemblyErrors (0ms)
				InitializePlatformSupportModulesInManaged (5ms)
				SetLoadedEditorAssemblies (0ms)
				RefreshPlugins (1ms)
				BeforeProcessingInitializeOnLoad (69ms)
				ProcessInitializeOnLoadAttributes (162ms)
				ProcessInitializeOnLoadMethodAttributes (9ms)
				AfterProcessingInitializeOnLoad (12ms)
				EditorAssembliesLoaded (0ms)
			ExecutionOrderSort2 (0ms)
			AwakeInstancesAfterBackupRestoration (7ms)
Platform modules already initialized, skipping
Refreshing native plugins compatible for Editor in 0.43 ms, found 3 plugins.
Preloading 0 native plugins for Editor in 0.00 ms.
Unloading 2183 Unused Serialized files (Serialized files now loaded: 0)
System memory in use before: 98.7 MB.
System memory in use after: 98.8 MB.

Unloading 17 unused Assets to reduce memory usage. Loaded Objects now: 2707.
Total: 2.512700 ms (FindLiveObjects: 0.158000 ms CreateObjectMapping: 0.079700 ms MarkObjects: 2.261200 ms  DeleteObjects: 0.013100 ms)

AssetImportParameters requested are different than current active one (requested -> active):
  custom:framework-win-MediaFoundation: 216162199b28c13a410421893ffa2e32 -> 
  custom:video-decoder-ogg-theora: a1e56fd34408186e4bbccfd4996cb3dc -> 
  custom:container-muxer-webm: aa71ff27fc2769a1b78a27578f13a17b -> 
  custom:container-demuxer-webm: 4f35f7cbe854078d1ac9338744f61a02 -> 
  custom:container-demuxer-ogg: 62fdf1f143b41e24485cea50d1cbac27 -> 
  custom:video-encoder-webm-vp8: eb34c28f22e8b96e1ab97ce403110664 -> 
  custom:video-decoder-webm-vp8: 9c59270c3fd7afecdb556c50c9e8de78 -> 
  custom:audio-decoder-ogg-vorbis: bf7c407c2cedff20999df2af8eb42d56 -> 
  custom:audio-encoder-webm-vorbis: bf7c407c2cedff20999df2af8eb42d56 -> 
========================================================================
Received Prepare
Registering precompiled user dll's ...
Registered in 0.005485 seconds.
Begin MonoManager ReloadAssembly
Native extension for WindowsStandalone target not found
Native extension for WebGL target not found
Refreshing native plugins compatible for Editor in 0.43 ms, found 3 plugins.
Preloading 0 native plugins for Editor in 0.00 ms.
Mono: successfully reloaded assembly
- Completed reload, in  0.879 seconds
Domain Reload Profiling:
	ReloadAssembly (879ms)
		BeginReloadAssembly (116ms)
			ExecutionOrderSort (0ms)
			DisableScriptedObjects (5ms)
			BackupInstance (0ms)
			ReleaseScriptingObjects (0ms)
			CreateAndSetChildDomain (26ms)
		EndReloadAssembly (701ms)
			LoadAssemblies (94ms)
			RebuildTransferFunctionScriptingTraits (0ms)
			SetupTypeCache (237ms)
			ReleaseScriptCaches (1ms)
			RebuildScriptCaches (35ms)
			SetupLoadedEditorAssemblies (258ms)
				LogAssemblyErrors (0ms)
				InitializePlatformSupportModulesInManaged (5ms)
				SetLoadedEditorAssemblies (0ms)
				RefreshPlugins (0ms)
				BeforeProcessingInitializeOnLoad (69ms)
				ProcessInitializeOnLoadAttributes (162ms)
				ProcessInitializeOnLoadMethodAttributes (9ms)
				AfterProcessingInitializeOnLoad (12ms)
				EditorAssembliesLoaded (0ms)
			ExecutionOrderSort2 (0ms)
			AwakeInstancesAfterBackupRestoration (7ms)
Platform modules already initialized, skipping
Refreshing native plugins compatible for Editor in 0.43 ms, found 3 plugins.
Preloading 0 native plugins for Editor in 0.00 ms.
Unloading 2183 Unused Serialized files (Serialized files now loaded: 0)
System memory in use before: 98.7 MB.
System memory in use after: 98.9 MB.

Unloading 17 unused Assets to reduce memory usage. Loaded Objects now: 2709.
Total: 2.463300 ms (FindLiveObjects: 0.151000 ms CreateObjectMapping: 0.071300 ms MarkObjects: 2.225400 ms  DeleteObjects: 0.015000 ms)

AssetImportParameters requested are different than current active one (requested -> active):
  custom:framework-win-MediaFoundation: 216162199b28c13a410421893ffa2e32 -> 
  custom:video-decoder-ogg-theora: a1e56fd34408186e4bbccfd4996cb3dc -> 
  custom:container-muxer-webm: aa71ff27fc2769a1b78a27578f13a17b -> 
  custom:container-demuxer-webm: 4f35f7cbe854078d1ac9338744f61a02 -> 
  custom:container-demuxer-ogg: 62fdf1f143b41e24485cea50d1cbac27 -> 
  custom:video-encoder-webm-vp8: eb34c28f22e8b96e1ab97ce403110664 -> 
  custom:video-decoder-webm-vp8: 9c59270c3fd7afecdb556c50c9e8de78 -> 
  custom:audio-decoder-ogg-vorbis: bf7c407c2cedff20999df2af8eb42d56 -> 
  custom:audio-encoder-webm-vorbis: bf7c407c2cedff20999df2af8eb42d56 -> 
========================================================================
Received Prepare
Registering precompiled user dll's ...
Registered in 0.005391 seconds.
Begin MonoManager ReloadAssembly
Native extension for WindowsStandalone target not found
Native extension for WebGL target not found
Refreshing native plugins compatible for Editor in 0.42 ms, found 3 plugins.
Preloading 0 native plugins for Editor in 0.00 ms.
Mono: successfully reloaded assembly
- Completed reload, in  0.863 seconds
Domain Reload Profiling:
	ReloadAssembly (863ms)
		BeginReloadAssembly (117ms)
			ExecutionOrderSort (0ms)
			DisableScriptedObjects (5ms)
			BackupInstance (0ms)
			ReleaseScriptingObjects (0ms)
			CreateAndSetChildDomain (25ms)
		EndReloadAssembly (685ms)
			LoadAssemblies (92ms)
			RebuildTransferFunctionScriptingTraits (0ms)
			SetupTypeCache (231ms)
			ReleaseScriptCaches (1ms)
			RebuildScriptCaches (34ms)
			SetupLoadedEditorAssemblies (254ms)
				LogAssemblyErrors (0ms)
				InitializePlatformSupportModulesInManaged (5ms)
				SetLoadedEditorAssemblies (0ms)
				RefreshPlugins (0ms)
				BeforeProcessingInitializeOnLoad (67ms)
				ProcessInitializeOnLoadAttributes (160ms)
				ProcessInitializeOnLoadMethodAttributes (9ms)
				AfterProcessingInitializeOnLoad (12ms)
				EditorAssembliesLoaded (0ms)
			ExecutionOrderSort2 (0ms)
			AwakeInstancesAfterBackupRestoration (7ms)
Platform modules already initialized, skipping
Refreshing native plugins compatible for Editor in 0.45 ms, found 3 plugins.
Preloading 0 native plugins for Editor in 0.00 ms.
Unloading 2183 Unused Serialized files (Serialized files now loaded: 0)
System memory in use before: 98.7 MB.
System memory in use after: 98.9 MB.

Unloading 17 unused Assets to reduce memory usage. Loaded Objects now: 2711.
Total: 2.369800 ms (FindLiveObjects: 0.131800 ms CreateObjectMapping: 0.064000 ms MarkObjects: 2.162000 ms  DeleteObjects: 0.011400 ms)

AssetImportParameters requested are different than current active one (requested -> active):
  custom:framework-win-MediaFoundation: 216162199b28c13a410421893ffa2e32 -> 
  custom:video-decoder-ogg-theora: a1e56fd34408186e4bbccfd4996cb3dc -> 
  custom:container-muxer-webm: aa71ff27fc2769a1b78a27578f13a17b -> 
  custom:container-demuxer-webm: 4f35f7cbe854078d1ac9338744f61a02 -> 
  custom:container-demuxer-ogg: 62fdf1f143b41e24485cea50d1cbac27 -> 
  custom:video-encoder-webm-vp8: eb34c28f22e8b96e1ab97ce403110664 -> 
  custom:video-decoder-webm-vp8: 9c59270c3fd7afecdb556c50c9e8de78 -> 
  custom:audio-decoder-ogg-vorbis: bf7c407c2cedff20999df2af8eb42d56 -> 
  custom:audio-encoder-webm-vorbis: bf7c407c2cedff20999df2af8eb42d56 -> 
========================================================================
Received Prepare
Registering precompiled user dll's ...
Registered in 0.005528 seconds.
Begin MonoManager ReloadAssembly
Native extension for WindowsStandalone target not found
Native extension for WebGL target not found
Refreshing native plugins compatible for Editor in 0.42 ms, found 3 plugins.
Preloading 0 native plugins for Editor in 0.00 ms.
Mono: successfully reloaded assembly
- Completed reload, in  0.884 seconds
Domain Reload Profiling:
	ReloadAssembly (884ms)
		BeginReloadAssembly (108ms)
			ExecutionOrderSort (0ms)
			DisableScriptedObjects (6ms)
			BackupInstance (0ms)
			ReleaseScriptingObjects (0ms)
			CreateAndSetChildDomain (24ms)
		EndReloadAssembly (714ms)
			LoadAssemblies (95ms)
			RebuildTransferFunctionScriptingTraits (0ms)
			SetupTypeCache (240ms)
			ReleaseScriptCaches (1ms)
			RebuildScriptCaches (34ms)
			SetupLoadedEditorAssemblies (267ms)
				LogAssemblyErrors (0ms)
				InitializePlatformSupportModulesInManaged (5ms)
				SetLoadedEditorAssemblies (0ms)
				RefreshPlugins (0ms)
				BeforeProcessingInitializeOnLoad (70ms)
				ProcessInitializeOnLoadAttributes (169ms)
				ProcessInitializeOnLoadMethodAttributes (9ms)
				AfterProcessingInitializeOnLoad (13ms)
				EditorAssembliesLoaded (0ms)
			ExecutionOrderSort2 (0ms)
			AwakeInstancesAfterBackupRestoration (7ms)
Platform modules already initialized, skipping
Refreshing native plugins compatible for Editor in 0.44 ms, found 3 plugins.
Preloading 0 native plugins for Editor in 0.00 ms.
Unloading 2183 Unused Serialized files (Serialized files now loaded: 0)
System memory in use before: 98.8 MB.
System memory in use after: 99.0 MB.

Unloading 17 unused Assets to reduce memory usage. Loaded Objects now: 2713.
Total: 2.401900 ms (FindLiveObjects: 0.150200 ms CreateObjectMapping: 0.065200 ms MarkObjects: 2.173700 ms  DeleteObjects: 0.012200 ms)

AssetImportParameters requested are different than current active one (requested -> active):
  custom:framework-win-MediaFoundation: 216162199b28c13a410421893ffa2e32 -> 
  custom:video-decoder-ogg-theora: a1e56fd34408186e4bbccfd4996cb3dc -> 
  custom:container-muxer-webm: aa71ff27fc2769a1b78a27578f13a17b -> 
  custom:container-demuxer-webm: 4f35f7cbe854078d1ac9338744f61a02 -> 
  custom:container-demuxer-ogg: 62fdf1f143b41e24485cea50d1cbac27 -> 
  custom:video-encoder-webm-vp8: eb34c28f22e8b96e1ab97ce403110664 -> 
  custom:video-decoder-webm-vp8: 9c59270c3fd7afecdb556c50c9e8de78 -> 
  custom:audio-decoder-ogg-vorbis: bf7c407c2cedff20999df2af8eb42d56 -> 
  custom:audio-encoder-webm-vorbis: bf7c407c2cedff20999df2af8eb42d56 -> 
========================================================================
Received Prepare
Registering precompiled user dll's ...
Registered in 0.005544 seconds.
Begin MonoManager ReloadAssembly
Native extension for WindowsStandalone target not found
Native extension for WebGL target not found
Refreshing native plugins compatible for Editor in 0.43 ms, found 3 plugins.
Preloading 0 native plugins for Editor in 0.00 ms.
Mono: successfully reloaded assembly
- Completed reload, in  0.862 seconds
Domain Reload Profiling:
	ReloadAssembly (862ms)
		BeginReloadAssembly (112ms)
			ExecutionOrderSort (0ms)
			DisableScriptedObjects (6ms)
			BackupInstance (0ms)
			ReleaseScriptingObjects (0ms)
			CreateAndSetChildDomain (24ms)
		EndReloadAssembly (689ms)
			LoadAssemblies (94ms)
			RebuildTransferFunctionScriptingTraits (0ms)
			SetupTypeCache (231ms)
			ReleaseScriptCaches (1ms)
			RebuildScriptCaches (33ms)
			SetupLoadedEditorAssemblies (256ms)
				LogAssemblyErrors (0ms)
				InitializePlatformSupportModulesInManaged (5ms)
				SetLoadedEditorAssemblies (0ms)
				RefreshPlugins (0ms)
				BeforeProcessingInitializeOnLoad (67ms)
				ProcessInitializeOnLoadAttributes (162ms)
				ProcessInitializeOnLoadMethodAttributes (9ms)
				AfterProcessingInitializeOnLoad (12ms)
				EditorAssembliesLoaded (0ms)
			ExecutionOrderSort2 (0ms)
			AwakeInstancesAfterBackupRestoration (7ms)
Platform modules already initialized, skipping
Refreshing native plugins compatible for Editor in 0.45 ms, found 3 plugins.
Preloading 0 native plugins for Editor in 0.00 ms.
Unloading 2183 Unused Serialized files (Serialized files now loaded: 0)
System memory in use before: 98.8 MB.
System memory in use after: 99.0 MB.

Unloading 17 unused Assets to reduce memory usage. Loaded Objects now: 2715.
Total: 2.380500 ms (FindLiveObjects: 0.144100 ms CreateObjectMapping: 0.065600 ms MarkObjects: 2.158200 ms  DeleteObjects: 0.011900 ms)

AssetImportParameters requested are different than current active one (requested -> active):
  custom:framework-win-MediaFoundation: 216162199b28c13a410421893ffa2e32 -> 
  custom:video-decoder-ogg-theora: a1e56fd34408186e4bbccfd4996cb3dc -> 
  custom:container-muxer-webm: aa71ff27fc2769a1b78a27578f13a17b -> 
  custom:container-demuxer-webm: 4f35f7cbe854078d1ac9338744f61a02 -> 
  custom:container-demuxer-ogg: 62fdf1f143b41e24485cea50d1cbac27 -> 
  custom:video-encoder-webm-vp8: eb34c28f22e8b96e1ab97ce403110664 -> 
  custom:video-decoder-webm-vp8: 9c59270c3fd7afecdb556c50c9e8de78 -> 
  custom:audio-decoder-ogg-vorbis: bf7c407c2cedff20999df2af8eb42d56 -> 
  custom:audio-encoder-webm-vorbis: bf7c407c2cedff20999df2af8eb42d56 -> 
========================================================================
Received Prepare
Registering precompiled user dll's ...
Registered in 0.005487 seconds.
Begin MonoManager ReloadAssembly
Native extension for WindowsStandalone target not found
Native extension for WebGL target not found
Refreshing native plugins compatible for Editor in 0.46 ms, found 3 plugins.
Preloading 0 native plugins for Editor in 0.00 ms.
Mono: successfully reloaded assembly
- Completed reload, in  0.873 seconds
Domain Reload Profiling:
	ReloadAssembly (873ms)
		BeginReloadAssembly (108ms)
			ExecutionOrderSort (0ms)
			DisableScriptedObjects (5ms)
			BackupInstance (0ms)
			ReleaseScriptingObjects (0ms)
			CreateAndSetChildDomain (25ms)
		EndReloadAssembly (703ms)
			LoadAssemblies (94ms)
			RebuildTransferFunctionScriptingTraits (0ms)
			SetupTypeCache (239ms)
			ReleaseScriptCaches (1ms)
			RebuildScriptCaches (34ms)
			SetupLoadedEditorAssemblies (259ms)
				LogAssemblyErrors (0ms)
				InitializePlatformSupportModulesInManaged (5ms)
				SetLoadedEditorAssemblies (0ms)
				RefreshPlugins (1ms)
				BeforeProcessingInitializeOnLoad (70ms)
				ProcessInitializeOnLoadAttributes (162ms)
				ProcessInitializeOnLoadMethodAttributes (9ms)
				AfterProcessingInitializeOnLoad (12ms)
				EditorAssembliesLoaded (0ms)
			ExecutionOrderSort2 (0ms)
			AwakeInstancesAfterBackupRestoration (7ms)
Platform modules already initialized, skipping
Refreshing native plugins compatible for Editor in 0.42 ms, found 3 plugins.
Preloading 0 native plugins for Editor in 0.00 ms.
Unloading 2183 Unused Serialized files (Serialized files now loaded: 0)
System memory in use before: 98.8 MB.
System memory in use after: 99.1 MB.

Unloading 17 unused Assets to reduce memory usage. Loaded Objects now: 2717.
Total: 2.429700 ms (FindLiveObjects: 0.159400 ms CreateObjectMapping: 0.078000 ms MarkObjects: 2.179700 ms  DeleteObjects: 0.012000 ms)

AssetImportParameters requested are different than current active one (requested -> active):
  custom:framework-win-MediaFoundation: 216162199b28c13a410421893ffa2e32 -> 
  custom:video-decoder-ogg-theora: a1e56fd34408186e4bbccfd4996cb3dc -> 
  custom:container-muxer-webm: aa71ff27fc2769a1b78a27578f13a17b -> 
  custom:container-demuxer-webm: 4f35f7cbe854078d1ac9338744f61a02 -> 
  custom:container-demuxer-ogg: 62fdf1f143b41e24485cea50d1cbac27 -> 
  custom:video-encoder-webm-vp8: eb34c28f22e8b96e1ab97ce403110664 -> 
  custom:video-decoder-webm-vp8: 9c59270c3fd7afecdb556c50c9e8de78 -> 
  custom:audio-decoder-ogg-vorbis: bf7c407c2cedff20999df2af8eb42d56 -> 
  custom:audio-encoder-webm-vorbis: bf7c407c2cedff20999df2af8eb42d56 -> 
========================================================================
Received Prepare
Registering precompiled user dll's ...
Registered in 0.005392 seconds.
Begin MonoManager ReloadAssembly
Native extension for WindowsStandalone target not found
Native extension for WebGL target not found
Refreshing native plugins compatible for Editor in 0.43 ms, found 3 plugins.
Preloading 0 native plugins for Editor in 0.00 ms.
Mono: successfully reloaded assembly
- Completed reload, in  0.862 seconds
Domain Reload Profiling:
	ReloadAssembly (862ms)
		BeginReloadAssembly (105ms)
			ExecutionOrderSort (0ms)
			DisableScriptedObjects (5ms)
			BackupInstance (0ms)
			ReleaseScriptingObjects (0ms)
			CreateAndSetChildDomain (25ms)
		EndReloadAssembly (696ms)
			LoadAssemblies (94ms)
			RebuildTransferFunctionScriptingTraits (0ms)
			SetupTypeCache (234ms)
			ReleaseScriptCaches (1ms)
			RebuildScriptCaches (34ms)
			SetupLoadedEditorAssemblies (259ms)
				LogAssemblyErrors (0ms)
				InitializePlatformSupportModulesInManaged (5ms)
				SetLoadedEditorAssemblies (0ms)
				RefreshPlugins (0ms)
				BeforeProcessingInitializeOnLoad (68ms)
				ProcessInitializeOnLoadAttributes (164ms)
				ProcessInitializeOnLoadMethodAttributes (9ms)
				AfterProcessingInitializeOnLoad (12ms)
				EditorAssembliesLoaded (0ms)
			ExecutionOrderSort2 (0ms)
			AwakeInstancesAfterBackupRestoration (7ms)
Platform modules already initialized, skipping
Refreshing native plugins compatible for Editor in 0.41 ms, found 3 plugins.
Preloading 0 native plugins for Editor in 0.00 ms.
Unloading 2183 Unused Serialized files (Serialized files now loaded: 0)
System memory in use before: 98.9 MB.
System memory in use after: 99.1 MB.

Unloading 17 unused Assets to reduce memory usage. Loaded Objects now: 2719.
Total: 2.396000 ms (FindLiveObjects: 0.171000 ms CreateObjectMapping: 0.089600 ms MarkObjects: 2.122400 ms  DeleteObjects: 0.012400 ms)

AssetImportParameters requested are different than current active one (requested -> active):
  custom:framework-win-MediaFoundation: 216162199b28c13a410421893ffa2e32 -> 
  custom:video-decoder-ogg-theora: a1e56fd34408186e4bbccfd4996cb3dc -> 
  custom:container-muxer-webm: aa71ff27fc2769a1b78a27578f13a17b -> 
  custom:container-demuxer-webm: 4f35f7cbe854078d1ac9338744f61a02 -> 
  custom:container-demuxer-ogg: 62fdf1f143b41e24485cea50d1cbac27 -> 
  custom:video-encoder-webm-vp8: eb34c28f22e8b96e1ab97ce403110664 -> 
  custom:video-decoder-webm-vp8: 9c59270c3fd7afecdb556c50c9e8de78 -> 
  custom:audio-decoder-ogg-vorbis: bf7c407c2cedff20999df2af8eb42d56 -> 
  custom:audio-encoder-webm-vorbis: bf7c407c2cedff20999df2af8eb42d56 -> 
AssetImportWorkerClient::OnTransportError - code=2 error=End of file
